[5/2/2026, 04.30.44] Koneksi terputus, reconnect...
[5/2/2026, 04.34.10] Error plugin rvo: ReferenceError: from is not defined
[5/2/2026, 04.34.11] Error plugin rvo: ReferenceError: from is not defined
[5/2/2026, 16.23.57] UnhandledRejection: ReferenceError: rl is not defined
[5/2/2026, 16.27.28] UnhandledRejection: TypeError: readline.question is not a function
[5/2/2026, 16.33.09] UnhandledRejection: Error: Connection Closed
[5/2/2026, 16.43.35] Koneksi terputus, reconnect...
[5/2/2026, 16.46.04] UnhandledRejection: ReferenceError: ask is not defined
[5/2/2026, 16.48.53] UnhandledRejection: ReferenceError: askLoginMethod is not defined
[5/2/2026, 16.51.25] UnhandledRejection: ReferenceError: Browsers is not defined
[5/2/2026, 16.55.43] UncaughtException: ReferenceError: method is not defined
    at EventEmitter.<anonymous> (/data/data/com.termux/files/home/botmarga/index.js:138:19)
    at EventEmitter.emit (node:events:520:35)
    at EventEmitter.<anonymous> (file:///data/data/com.termux/files/home/botmarga/node_modules/@whiskeysockets/baileys/lib/Utils/event-buffer.js:35:16)
    at EventEmitter.emit (node:events:508:28)
    at Object.emit (file:///data/data/com.termux/files/home/botmarga/node_modules/@whiskeysockets/baileys/lib/Utils/event-buffer.js:83:23)
    at Timeout.genPairQR [as _onTimeout] (file:///data/data/com.termux/files/home/botmarga/node_modules/@whiskeysockets/baileys/lib/Socket/socket.js:476:16)
    at listOnTimeout (node:internal/timers:605:17)
    at process.processTimers (node:internal/timers:541:7)
[5/2/2026, 18.37.41] Koneksi terputus, reconnect...
[5/2/2026, 21.56.35] Koneksi terputus, reconnect...
[5/2/2026, 22.05.44] Error plugin rvo: ReferenceError: from is not defined
[5/2/2026, 22.15.11] Gagal reload debug.js: SyntaxError: Unexpected token ';'
[5/2/2026, 22.15.11] Gagal reload debug.js: SyntaxError: Unexpected token ';'
[5/2/2026, 22.21.03] Gagal reload debug.js: SyntaxError: Unexpected token ';'
[5/2/2026, 22.28.38] Error plugin form: Error: Invalid media type
[5/2/2026, 22.54.22] Koneksi terputus, reconnect...
[5/2/2026, 23.32.21] Koneksi terputus, reconnect...
[5/2/2026, 23.32.23] Koneksi terputus, reconnect...
[5/2/2026, 23.32.24] Koneksi terputus, reconnect...
[5/2/2026, 23.32.25] Koneksi terputus, reconnect...
[5/2/2026, 23.32.26] Koneksi terputus, reconnect...
[5/2/2026, 23.33.19] Koneksi terputus, reconnect...
[5/2/2026, 23.33.21] Koneksi terputus, reconnect...
[5/2/2026, 23.33.22] Koneksi terputus, reconnect...
[5/2/2026, 23.33.23] Koneksi terputus, reconnect...
[5/2/2026, 23.33.24] Koneksi terputus, reconnect...
[5/2/2026, 23.33.25] Koneksi terputus, reconnect...
[5/2/2026, 23.33.26] Koneksi terputus, reconnect...
[5/2/2026, 23.33.27] Koneksi terputus, reconnect...
[5/2/2026, 23.33.28] Koneksi terputus, reconnect...
[5/2/2026, 23.33.29] Koneksi terputus, reconnect...
[5/2/2026, 23.33.30] Koneksi terputus, reconnect...
[5/2/2026, 23.33.31] Koneksi terputus, reconnect...
[5/2/2026, 23.33.32] Koneksi terputus, reconnect...
[5/2/2026, 23.33.33] Koneksi terputus, reconnect...
[5/2/2026, 23.33.34] Koneksi terputus, reconnect...
[5/2/2026, 23.33.35] Koneksi terputus, reconnect...
[5/2/2026, 23.33.36] Koneksi terputus, reconnect...
[5/2/2026, 23.33.37] Koneksi terputus, reconnect...
[5/2/2026, 23.33.38] Koneksi terputus, reconnect...
[5/2/2026, 23.33.39] Koneksi terputus, reconnect...
[5/2/2026, 23.33.40] Koneksi terputus, reconnect...
[5/2/2026, 23.33.41] Koneksi terputus, reconnect...
[5/2/2026, 23.33.42] Koneksi terputus, reconnect...
[5/2/2026, 23.33.43] Koneksi terputus, reconnect...
[5/2/2026, 23.33.44] Koneksi terputus, reconnect...
[5/2/2026, 23.33.45] Koneksi terputus, reconnect...
[5/2/2026, 23.33.46] Koneksi terputus, reconnect...
[5/2/2026, 23.33.48] Koneksi terputus, reconnect...
[5/2/2026, 23.33.49] Koneksi terputus, reconnect...
[5/2/2026, 23.33.50] Koneksi terputus, reconnect...
[5/2/2026, 23.33.51] Koneksi terputus, reconnect...
[5/2/2026, 23.33.52] Koneksi terputus, reconnect...
[5/2/2026, 23.33.53] Koneksi terputus, reconnect...
[5/2/2026, 23.33.55] Koneksi terputus, reconnect...
[5/2/2026, 23.33.55] Koneksi terputus, reconnect...
[5/2/2026, 23.33.59] Koneksi terputus, reconnect...
[5/2/2026, 23.34.01] Koneksi terputus, reconnect...
[5/2/2026, 23.34.01] Koneksi terputus, reconnect...
[5/2/2026, 23.34.06] Koneksi terputus, reconnect...
[5/2/2026, 23.34.11] Koneksi terputus, reconnect...
[5/2/2026, 23.34.17] Koneksi terputus, reconnect...
[5/2/2026, 23.34.22] Koneksi terputus, reconnect...
[5/2/2026, 23.35.48] Koneksi terputus, reconnect...
[6/2/2026, 00.01.39] Gagal reload s.js: Error: ENOENT: no such file or directory, open '/data/data/com.termux/files/home/botmarga/plugin/s.js'
[6/2/2026, 10.39.31] Koneksi terputus, reconnect...
[7/2/2026, 00.00.06] Koneksi terputus, reconnect...
[7/2/2026, 00.00.07] Koneksi terputus, reconnect...
[7/2/2026, 00.00.08] Koneksi terputus, reconnect...
[7/2/2026, 00.00.09] Koneksi terputus, reconnect...
[7/2/2026, 00.00.10] Koneksi terputus, reconnect...
[7/2/2026, 00.00.12] Koneksi terputus, reconnect...
[7/2/2026, 00.00.12] Koneksi terputus, reconnect...
[7/2/2026, 00.00.13] Koneksi terputus, reconnect...
[7/2/2026, 00.00.14] Koneksi terputus, reconnect...
[7/2/2026, 00.00.15] Koneksi terputus, reconnect...
[7/2/2026, 00.00.16] Koneksi terputus, reconnect...
[7/2/2026, 00.02.35] Koneksi terputus, reconnect...
[7/2/2026, 00.02.41] Koneksi terputus, reconnect...
[7/2/2026, 00.02.48] Koneksi terputus, reconnect...
[7/2/2026, 00.02.52] Koneksi terputus, reconnect...
[7/2/2026, 00.02.55] Koneksi terputus, reconnect...
[7/2/2026, 00.02.58] Koneksi terputus, reconnect...
[7/2/2026, 00.03.02] Koneksi terputus, reconnect...
[7/2/2026, 00.03.05] Koneksi terputus, reconnect...
[7/2/2026, 00.03.11] Koneksi terputus, reconnect...
[7/2/2026, 00.03.14] Koneksi terputus, reconnect...
[7/2/2026, 00.03.16] Koneksi terputus, reconnect...
[7/2/2026, 00.03.17] Koneksi terputus, reconnect...
[7/2/2026, 00.03.20] Koneksi terputus, reconnect...
[7/2/2026, 00.03.23] Koneksi terputus, reconnect...
[7/2/2026, 00.03.27] Koneksi terputus, reconnect...
[7/2/2026, 00.03.32] Koneksi terputus, reconnect...
[7/2/2026, 00.03.34] Koneksi terputus, reconnect...
[7/2/2026, 00.03.38] Koneksi terputus, reconnect...
[7/2/2026, 00.03.42] Koneksi terputus, reconnect...
[7/2/2026, 00.03.48] Koneksi terputus, reconnect...
[7/2/2026, 00.03.51] Koneksi terputus, reconnect...
[7/2/2026, 00.03.57] Koneksi terputus, reconnect...
[7/2/2026, 00.04.02] Koneksi terputus, reconnect...
[7/2/2026, 00.04.03] Koneksi terputus, reconnect...
[7/2/2026, 10.16.23] Koneksi terputus, reconnect...
[7/2/2026, 10.18.01] Koneksi terputus, reconnect...
[7/2/2026, 10.24.48] Error plugin menu: TypeError: plugins[command] is not a function
[7/2/2026, 16.49.10] Koneksi terputus, reconnect...
[7/2/2026, 17.02.37] Gagal reload menu.js: SyntaxError: Identifier 'path' has already been declared
[7/2/2026, 17.02.38] Gagal reload menu.js: SyntaxError: Identifier 'path' has already been declared
[7/2/2026, 17.03.06] Gagal reload menu.js: SyntaxError: Identifier 'path' has already been declared
[7/2/2026, 17.03.07] Gagal reload menu.js: SyntaxError: Identifier 'path' has already been declared
[7/2/2026, 17.17.34] Gagal reload menu.js: SyntaxError: Identifier 'path' has already been declared
[7/2/2026, 17.17.35] Gagal reload menu.js: SyntaxError: Identifier 'path' has already been declared
[7/2/2026, 17.25.02] Gagal reload searchmp3.js: Error: ENOENT: no such file or directory, open '/data/data/com.termux/files/home/botmarga/plugin/searchmp3.js'
[7/2/2026, 17.25.24] Gagal reload musicsearch.js: Error: ENOENT: no such file or directory, open '/data/data/com.termux/files/home/botmarga/plugin/musicsearch.js'
[7/2/2026, 17.28.02] Gagal reload ytsearch.js: Error: ENOENT: no such file or directory, open '/data/data/com.termux/files/home/botmarga/plugin/ytsearch.js'
[7/2/2026, 17.58.17] UnhandledRejection: Error: getaddrinfo ENOTFOUND www.sankavollerei.comsearch
[7/2/2026, 18.00.56] UnhandledRejection: Error: getaddrinfo ENOTFOUND www.sankavollerei.comsearch
[7/2/2026, 18.02.45] UnhandledRejection: Error: getaddrinfo ENOTFOUND www.sankavollerei.comsearch
[7/2/2026, 23.00.22] Disconnect: 515
[7/2/2026, 23.01.07] Disconnect: 401
[7/2/2026, 23.08.32] Disconnect: 401
[7/2/2026, 23.08.32] UnhandledRejection: ReferenceError: DisconnectReason is not defined
[7/2/2026, 23.10.01] Disconnect: 401
[7/2/2026, 23.11.56] Disconnect: 515
[8/2/2026, 03.14.30] Disconnect: 428
[8/2/2026, 03.14.34] Disconnect: 408
[8/2/2026, 03.14.37] Disconnect: 408
[8/2/2026, 03.14.40] Disconnect: 408
[8/2/2026, 03.14.43] Disconnect: 408
[8/2/2026, 03.14.46] Disconnect: 408
[8/2/2026, 03.14.49] Disconnect: 408
[8/2/2026, 03.14.52] Disconnect: 408
[8/2/2026, 03.14.55] Disconnect: 408
[8/2/2026, 03.14.58] Disconnect: 408
[8/2/2026, 03.15.01] Disconnect: 408
[8/2/2026, 03.15.04] Disconnect: 408
[8/2/2026, 03.15.08] Disconnect: 408
[8/2/2026, 03.15.11] Disconnect: 408
[8/2/2026, 03.15.14] Disconnect: 408
[8/2/2026, 03.15.17] Disconnect: 408
[8/2/2026, 03.15.20] Disconnect: 408
[8/2/2026, 03.15.23] Disconnect: 408
[8/2/2026, 03.15.26] Disconnect: 408
[8/2/2026, 03.15.29] Disconnect: 408
[8/2/2026, 03.15.32] Disconnect: 408
[8/2/2026, 03.15.35] Disconnect: 408
[8/2/2026, 03.15.38] Disconnect: 408
[8/2/2026, 03.15.41] Disconnect: 408
[8/2/2026, 03.15.44] Disconnect: 408
[8/2/2026, 03.15.47] Disconnect: 408
[8/2/2026, 03.15.50] Disconnect: 408
[8/2/2026, 03.15.53] Disconnect: 408
[8/2/2026, 03.15.56] Disconnect: 408
[8/2/2026, 03.15.59] Disconnect: 408
[8/2/2026, 03.16.02] Disconnect: 408
[8/2/2026, 03.16.05] Disconnect: 408
[8/2/2026, 03.16.08] Disconnect: 408
[8/2/2026, 03.16.11] Disconnect: 408
[8/2/2026, 03.16.14] Disconnect: 408
[8/2/2026, 03.16.17] Disconnect: 408
[8/2/2026, 03.16.20] Disconnect: 408
[8/2/2026, 03.16.24] Disconnect: 408
[8/2/2026, 03.16.27] Disconnect: 408
[8/2/2026, 03.16.30] Disconnect: 408
[8/2/2026, 03.16.33] Disconnect: 408
[8/2/2026, 03.16.36] Disconnect: 408
[8/2/2026, 03.16.39] Disconnect: 408
[8/2/2026, 03.16.42] Disconnect: 408
[8/2/2026, 03.16.45] Disconnect: 408
[8/2/2026, 03.16.48] Disconnect: 408
[8/2/2026, 03.16.51] Disconnect: 408
[8/2/2026, 03.16.54] Disconnect: 408
[8/2/2026, 03.16.57] Disconnect: 408
[8/2/2026, 03.17.00] Disconnect: 408
[8/2/2026, 03.17.03] Disconnect: 408
[8/2/2026, 03.17.06] Disconnect: 408
[8/2/2026, 03.17.09] Disconnect: 408
[8/2/2026, 03.17.12] Disconnect: 408
[8/2/2026, 03.17.15] Disconnect: 408
[8/2/2026, 03.17.18] Disconnect: 408
[8/2/2026, 03.17.21] Disconnect: 408
[8/2/2026, 03.17.24] Disconnect: 408
[8/2/2026, 03.17.27] Disconnect: 408
[8/2/2026, 03.17.30] Disconnect: 408
[8/2/2026, 03.17.33] Disconnect: 408
[8/2/2026, 03.17.36] Disconnect: 408
[8/2/2026, 03.17.39] Disconnect: 408
[8/2/2026, 03.17.43] Disconnect: 408
[8/2/2026, 03.17.46] Disconnect: 408
[8/2/2026, 03.17.49] Disconnect: 408
[8/2/2026, 03.17.52] Disconnect: 408
[8/2/2026, 03.17.55] Disconnect: 408
[8/2/2026, 03.17.58] Disconnect: 408
[8/2/2026, 03.18.01] Disconnect: 408
[8/2/2026, 03.18.04] Disconnect: 408
[8/2/2026, 03.18.07] Disconnect: 408
[8/2/2026, 03.18.10] Disconnect: 408
[8/2/2026, 03.18.13] Disconnect: 408
[8/2/2026, 03.18.16] Disconnect: 408
[8/2/2026, 03.18.19] Disconnect: 408
[8/2/2026, 03.18.22] Disconnect: 408
[8/2/2026, 03.18.25] Disconnect: 408
[8/2/2026, 03.18.28] Disconnect: 408
[8/2/2026, 03.18.31] Disconnect: 408
[8/2/2026, 03.18.34] Disconnect: 408
[8/2/2026, 03.18.37] Disconnect: 408
[8/2/2026, 03.18.40] Disconnect: 408
[8/2/2026, 03.18.43] Disconnect: 408
[8/2/2026, 03.18.46] Disconnect: 408
[8/2/2026, 03.18.49] Disconnect: 408
[8/2/2026, 03.18.52] Disconnect: 408
[8/2/2026, 03.18.55] Disconnect: 408
[8/2/2026, 03.18.58] Disconnect: 408
[8/2/2026, 03.19.02] Disconnect: 408
[8/2/2026, 03.19.05] Disconnect: 408
[8/2/2026, 03.19.08] Disconnect: 408
[8/2/2026, 03.19.11] Disconnect: 408
[8/2/2026, 03.19.14] Disconnect: 408
[8/2/2026, 03.19.17] Disconnect: 408
[8/2/2026, 03.19.20] Disconnect: 408
[8/2/2026, 03.19.23] Disconnect: 408
[8/2/2026, 03.19.26] Disconnect: 408
[8/2/2026, 03.19.29] Disconnect: 408
[8/2/2026, 03.19.32] Disconnect: 408
[8/2/2026, 03.19.35] Disconnect: 408
[8/2/2026, 03.19.38] Disconnect: 408
[8/2/2026, 03.19.41] Disconnect: 408
[8/2/2026, 03.19.44] Disconnect: 408
[8/2/2026, 03.19.47] Disconnect: 408
[8/2/2026, 03.19.50] Disconnect: 408
[8/2/2026, 03.19.53] Disconnect: 408
[8/2/2026, 03.19.56] Disconnect: 408
[8/2/2026, 03.19.59] Disconnect: 408
[8/2/2026, 03.20.02] Disconnect: 408
[8/2/2026, 03.20.05] Disconnect: 408
[8/2/2026, 03.20.08] Disconnect: 408
[8/2/2026, 03.20.11] Disconnect: 408
[8/2/2026, 03.20.14] Disconnect: 408
[8/2/2026, 03.20.17] Disconnect: 408
[8/2/2026, 03.20.20] Disconnect: 408
[8/2/2026, 03.20.23] Disconnect: 408
[8/2/2026, 03.20.27] Disconnect: 408
[8/2/2026, 03.20.30] Disconnect: 408
[8/2/2026, 03.20.33] Disconnect: 408
[8/2/2026, 03.20.36] Disconnect: 408
[8/2/2026, 03.20.39] Disconnect: 408
[8/2/2026, 03.20.42] Disconnect: 408
[8/2/2026, 03.20.45] Disconnect: 408
[8/2/2026, 03.20.48] Disconnect: 408
[8/2/2026, 03.20.51] Disconnect: 408
[8/2/2026, 03.20.54] Disconnect: 408
[8/2/2026, 03.20.57] Disconnect: 408
[8/2/2026, 03.21.00] Disconnect: 408
[8/2/2026, 03.21.03] Disconnect: 408
[8/2/2026, 03.21.06] Disconnect: 408
[8/2/2026, 03.21.09] Disconnect: 408
[8/2/2026, 03.21.12] Disconnect: 408
[8/2/2026, 03.21.15] Disconnect: 408
[8/2/2026, 03.21.18] Disconnect: 408
[8/2/2026, 03.21.21] Disconnect: 408
[8/2/2026, 03.21.24] Disconnect: 408
[8/2/2026, 03.21.27] Disconnect: 408
[8/2/2026, 03.21.30] Disconnect: 408
[8/2/2026, 03.21.33] Disconnect: 408
[8/2/2026, 03.21.36] Disconnect: 408
[8/2/2026, 03.21.39] Disconnect: 408
[8/2/2026, 03.21.42] Disconnect: 408
[8/2/2026, 03.21.45] Disconnect: 408
[8/2/2026, 03.21.48] Disconnect: 408
[8/2/2026, 03.21.52] Disconnect: 408
[8/2/2026, 03.21.55] Disconnect: 408
[8/2/2026, 03.21.58] Disconnect: 408
[8/2/2026, 03.22.01] Disconnect: 408
[8/2/2026, 03.22.04] Disconnect: 408
[8/2/2026, 03.22.07] Disconnect: 408
[8/2/2026, 03.22.10] Disconnect: 408
[8/2/2026, 03.22.13] Disconnect: 408
[8/2/2026, 03.22.16] Disconnect: 408
[8/2/2026, 03.22.19] Disconnect: 408
[8/2/2026, 03.22.22] Disconnect: 408
[8/2/2026, 03.22.25] Disconnect: 408
[8/2/2026, 16.42.13] Start error: Error: Connection Closed
    at sendRawMessage (file:///data/data/com.termux/files/home/botmarga/node_modules/@whiskeysockets/baileys/lib/Socket/socket.js:56:19)
    at sendNode (file:///data/data/com.termux/files/home/botmarga/node_modules/@whiskeysockets/baileys/lib/Socket/socket.js:75:16)
    at Object.sendPresenceUpdate (file:///data/data/com.termux/files/home/botmarga/node_modules/@whiskeysockets/baileys/lib/Socket/chats.js:492:19)
    at startBot (/data/data/com.termux/files/home/botmarga/index.js:107:20)
    at process.processTicksAndRejections (node:internal/process/task_queues:103:5)
[8/2/2026, 16.42.18] Start error: Error: Connection Closed
    at sendRawMessage (file:///data/data/com.termux/files/home/botmarga/node_modules/@whiskeysockets/baileys/lib/Socket/socket.js:56:19)
    at sendNode (file:///data/data/com.termux/files/home/botmarga/node_modules/@whiskeysockets/baileys/lib/Socket/socket.js:75:16)
    at Object.sendPresenceUpdate (file:///data/data/com.termux/files/home/botmarga/node_modules/@whiskeysockets/baileys/lib/Socket/chats.js:492:19)
    at startBot (/data/data/com.termux/files/home/botmarga/index.js:107:20)
    at process.processTicksAndRejections (node:internal/process/task_queues:103:5)
[8/2/2026, 16.42.20] UnhandledRejection: Error: Connection Closed
[8/2/2026, 18.41.44] Disconnect: 401
[8/2/2026, 18.41.45] UncaughtException: TypeError: callback is not a function
    at CB (node:internal/fs/rimraf:51:5)
    at FSReqCallback.oncomplete (node:fs:179:23)
[8/2/2026, 18.42.45] Disconnect: 515
[8/2/2026, 19.46.49] Gagal reload nahida.js: SyntaxError: Unexpected identifier 'contextInfo'
[8/2/2026, 20.37.22] Disconnect: 500
[8/2/2026, 21.00.07] Disconnect: 408
[8/2/2026, 21.04.24] Disconnect: 408
[8/2/2026, 21.07.00] Disconnect: 408
[8/2/2026, 21.29.38] Disconnect: 401
[8/2/2026, 21.29.39] UncaughtException: TypeError: callback is not a function
    at CB (node:internal/fs/rimraf:51:5)
    at FSReqCallback.oncomplete (node:fs:179:23)
[8/2/2026, 21.31.36] Disconnect: 515
[8/2/2026, 22.40.57] Disconnect: 500
[8/2/2026, 22.56.28] Disconnect: 428
[8/2/2026, 22.56.31] Disconnect: 408
[8/2/2026, 22.56.34] Disconnect: 408
[8/2/2026, 22.56.37] Disconnect: 408
[8/2/2026, 22.56.40] Disconnect: 408
[8/2/2026, 22.56.43] Disconnect: 408
[8/2/2026, 22.56.46] Disconnect: 408
[8/2/2026, 22.56.49] Disconnect: 408
[8/2/2026, 22.56.52] Disconnect: 408
[8/2/2026, 22.56.55] Disconnect: 408
[8/2/2026, 22.56.58] Disconnect: 408
[8/2/2026, 22.57.01] Disconnect: 408
[8/2/2026, 22.57.04] Disconnect: 408
[8/2/2026, 22.57.07] Disconnect: 408
[8/2/2026, 22.57.10] Disconnect: 408
[8/2/2026, 22.57.14] Disconnect: 408
[8/2/2026, 22.57.17] Disconnect: 408
[8/2/2026, 22.57.20] Disconnect: 408
[8/2/2026, 22.57.23] Disconnect: 408
[8/2/2026, 22.57.26] Disconnect: 408
[8/2/2026, 22.57.29] Disconnect: 408
[8/2/2026, 22.57.32] Disconnect: 408
[8/2/2026, 22.57.35] Disconnect: 408
[8/2/2026, 22.57.38] Disconnect: 408
[8/2/2026, 22.57.41] Disconnect: 408
[8/2/2026, 22.57.44] Disconnect: 408
[8/2/2026, 22.57.47] Disconnect: 408
[8/2/2026, 22.57.50] Disconnect: 408
[8/2/2026, 22.57.53] Disconnect: 408
[8/2/2026, 22.57.56] Disconnect: 408
[8/2/2026, 22.57.59] Disconnect: 408
[8/2/2026, 22.58.02] Disconnect: 408
[8/2/2026, 22.58.05] Disconnect: 408
[8/2/2026, 22.58.08] Disconnect: 408
[8/2/2026, 22.58.11] Disconnect: 408
[8/2/2026, 22.58.14] Disconnect: 408
[8/2/2026, 22.58.17] Disconnect: 408
[8/2/2026, 22.58.20] Disconnect: 408
[8/2/2026, 22.58.23] Disconnect: 408
[8/2/2026, 22.58.26] Disconnect: 408
[8/2/2026, 22.58.29] Disconnect: 408
[8/2/2026, 22.58.32] Disconnect: 408
[8/2/2026, 22.58.35] Disconnect: 408
[8/2/2026, 22.58.39] Disconnect: 408
[8/2/2026, 22.58.42] Disconnect: 408
[8/2/2026, 22.58.45] Disconnect: 408
[8/2/2026, 22.58.48] Disconnect: 408
[8/2/2026, 22.58.51] Disconnect: 408
[8/2/2026, 22.58.54] Disconnect: 408
[8/2/2026, 22.58.57] Disconnect: 408
[8/2/2026, 22.59.00] Disconnect: 408
[8/2/2026, 22.59.03] Disconnect: 408
[8/2/2026, 22.59.06] Disconnect: 408
[8/2/2026, 22.59.09] Disconnect: 408
[8/2/2026, 22.59.12] Disconnect: 408
[8/2/2026, 22.59.15] Disconnect: 408
[8/2/2026, 22.59.18] Disconnect: 408
[8/2/2026, 22.59.21] Disconnect: 408
[8/2/2026, 22.59.24] Disconnect: 408
[8/2/2026, 22.59.27] Disconnect: 408
[8/2/2026, 22.59.30] Disconnect: 408
[8/2/2026, 22.59.33] Disconnect: 408
[8/2/2026, 22.59.36] Disconnect: 408
[8/2/2026, 22.59.39] Disconnect: 408
[8/2/2026, 22.59.42] Disconnect: 408
[8/2/2026, 22.59.45] Disconnect: 408
[8/2/2026, 22.59.48] Disconnect: 408
[8/2/2026, 22.59.51] Disconnect: 408
[8/2/2026, 22.59.54] Disconnect: 408
[8/2/2026, 22.59.57] Disconnect: 408
[8/2/2026, 23.00.00] Disconnect: 408
[8/2/2026, 23.00.03] Disconnect: 408
[8/2/2026, 23.00.07] Disconnect: 408
[8/2/2026, 23.00.10] Disconnect: 408
[8/2/2026, 23.00.13] Disconnect: 408
[8/2/2026, 23.00.16] Disconnect: 408
[8/2/2026, 23.00.19] Disconnect: 408
[8/2/2026, 23.00.22] Disconnect: 408
[8/2/2026, 23.00.25] Disconnect: 408
[8/2/2026, 23.00.28] Disconnect: 408
[8/2/2026, 23.00.31] Disconnect: 408
[8/2/2026, 23.00.34] Disconnect: 408
[8/2/2026, 23.00.37] Disconnect: 408
[8/2/2026, 23.00.40] Disconnect: 408
[8/2/2026, 23.00.43] Disconnect: 408
[8/2/2026, 23.00.46] Disconnect: 408
[8/2/2026, 23.00.49] Disconnect: 408
[8/2/2026, 23.00.52] Disconnect: 408
[8/2/2026, 23.00.55] Disconnect: 408
[8/2/2026, 23.00.58] Disconnect: 408
[8/2/2026, 23.01.01] Disconnect: 408
[8/2/2026, 23.01.04] Disconnect: 408
[8/2/2026, 23.01.07] Disconnect: 408
[8/2/2026, 23.01.10] Disconnect: 408
[8/2/2026, 23.01.13] Disconnect: 408
[8/2/2026, 23.01.16] Disconnect: 408
[8/2/2026, 23.01.19] Disconnect: 408
[8/2/2026, 23.01.22] Disconnect: 408
[8/2/2026, 23.01.25] Disconnect: 408
[8/2/2026, 23.01.28] Disconnect: 408
[8/2/2026, 23.01.32] Disconnect: 408
[8/2/2026, 23.01.35] Disconnect: 408
[8/2/2026, 23.01.38] Disconnect: 408
[8/2/2026, 23.01.41] Disconnect: 408
[8/2/2026, 23.01.44] Disconnect: 408
[8/2/2026, 23.01.47] Disconnect: 408
[8/2/2026, 23.01.50] Disconnect: 408
[8/2/2026, 23.01.53] Disconnect: 408
[8/2/2026, 23.01.56] Disconnect: 408
[8/2/2026, 23.01.59] Disconnect: 408
[8/2/2026, 23.02.02] Disconnect: 408
[8/2/2026, 23.02.05] Disconnect: 408
[8/2/2026, 23.02.08] Disconnect: 408
[8/2/2026, 23.02.11] Disconnect: 408
[8/2/2026, 23.02.14] Disconnect: 408
[8/2/2026, 23.02.17] Disconnect: 408
[8/2/2026, 23.02.20] Disconnect: 408
[8/2/2026, 23.02.23] Disconnect: 408
[8/2/2026, 23.02.26] Disconnect: 408
[8/2/2026, 23.02.29] Disconnect: 408
[8/2/2026, 23.02.32] Disconnect: 408
[8/2/2026, 23.02.35] Disconnect: 408
[8/2/2026, 23.02.38] Disconnect: 408
[8/2/2026, 23.02.41] Disconnect: 408
[8/2/2026, 23.02.44] Disconnect: 408
[8/2/2026, 23.02.47] Disconnect: 408
[8/2/2026, 23.02.50] Disconnect: 408
[8/2/2026, 23.02.53] Disconnect: 408
[8/2/2026, 23.02.57] Disconnect: 408
[8/2/2026, 23.03.00] Disconnect: 408
[8/2/2026, 23.03.03] Disconnect: 408
[8/2/2026, 23.03.06] Disconnect: 408
[8/2/2026, 23.03.09] Disconnect: 408
[8/2/2026, 23.03.12] Disconnect: 408
[8/2/2026, 23.03.15] Disconnect: 408
[8/2/2026, 23.03.18] Disconnect: 408
[8/2/2026, 23.03.21] Disconnect: 408
[8/2/2026, 23.03.24] Disconnect: 408
[8/2/2026, 23.03.27] Disconnect: 408
[8/2/2026, 23.03.30] Disconnect: 408
[8/2/2026, 23.03.33] Disconnect: 408
[8/2/2026, 23.03.36] Disconnect: 408
[8/2/2026, 23.03.39] Disconnect: 408
[8/2/2026, 23.03.42] Disconnect: 408
[8/2/2026, 23.03.45] Disconnect: 408
[8/2/2026, 23.03.48] Disconnect: 408
[8/2/2026, 23.03.51] Disconnect: 408
[8/2/2026, 23.03.54] Disconnect: 408
[8/2/2026, 23.03.57] Disconnect: 408
[8/2/2026, 23.04.00] Disconnect: 408
[8/2/2026, 23.04.03] Disconnect: 408
[8/2/2026, 23.04.06] Disconnect: 408
[8/2/2026, 23.04.09] Disconnect: 408
[8/2/2026, 23.04.12] Disconnect: 408
[8/2/2026, 23.04.15] Disconnect: 408
[8/2/2026, 23.04.18] Disconnect: 408
[8/2/2026, 23.04.21] Disconnect: 408
[8/2/2026, 23.04.25] Disconnect: 408
[8/2/2026, 23.04.28] Disconnect: 408
[8/2/2026, 23.04.31] Disconnect: 408
[8/2/2026, 23.04.34] Disconnect: 408
[8/2/2026, 23.04.37] Disconnect: 408
[8/2/2026, 23.04.40] Disconnect: 408
[8/2/2026, 23.04.43] Disconnect: 408
[8/2/2026, 23.04.46] Disconnect: 408
[8/2/2026, 23.04.49] Disconnect: 408
[8/2/2026, 23.04.52] Disconnect: 408
[8/2/2026, 23.04.55] Disconnect: 408
[8/2/2026, 23.04.58] Disconnect: 408
[8/2/2026, 23.05.01] Disconnect: 408
[8/2/2026, 23.05.04] Disconnect: 408
[8/2/2026, 23.05.07] Disconnect: 408
[8/2/2026, 23.05.10] Disconnect: 408
[8/2/2026, 23.05.13] Disconnect: 408
[8/2/2026, 23.05.16] Disconnect: 408
[8/2/2026, 23.05.19] Disconnect: 408
[8/2/2026, 23.05.22] Disconnect: 408
[8/2/2026, 23.05.25] Disconnect: 408
[8/2/2026, 23.05.28] Disconnect: 408
[8/2/2026, 23.05.31] Disconnect: 408
[8/2/2026, 23.05.34] Disconnect: 408
[8/2/2026, 23.05.37] Disconnect: 408
[8/2/2026, 23.05.40] Disconnect: 408
[8/2/2026, 23.05.43] Disconnect: 408
[8/2/2026, 23.05.46] Disconnect: 408
[8/2/2026, 23.55.52] Disconnect: 500
[9/2/2026, 00.45.58] Disconnect: 500
[9/2/2026, 01.19.25] Gagal reload judulanime.js: SyntaxError: Unexpected token ')'
[9/2/2026, 01.36.03] Disconnect: 500
[9/2/2026, 02.26.09] Disconnect: 500
[9/2/2026, 02.27.06] Gagal reload judulanime.js: SyntaxError: Unexpected token '?'
[9/2/2026, 02.42.52] Gagal reload judulanime.js: SyntaxError: Unexpected identifier 'anime'
[9/2/2026, 02.56.49] Disconnect: 428
[9/2/2026, 02.56.52] Disconnect: 408
[9/2/2026, 02.56.56] Disconnect: 408
[9/2/2026, 02.56.59] Disconnect: 408
[9/2/2026, 02.57.02] Disconnect: 408
[9/2/2026, 02.57.05] Disconnect: 408
[9/2/2026, 02.57.08] Disconnect: 408
[9/2/2026, 02.57.11] Disconnect: 408
[9/2/2026, 02.57.14] Disconnect: 408
[9/2/2026, 02.57.17] Disconnect: 408
[9/2/2026, 02.57.20] Disconnect: 408
[9/2/2026, 02.57.23] Disconnect: 408
[9/2/2026, 02.57.26] Disconnect: 408
[9/2/2026, 02.57.29] Disconnect: 408
[9/2/2026, 02.57.32] Disconnect: 408
[9/2/2026, 02.57.35] Disconnect: 408
[9/2/2026, 02.57.38] Disconnect: 408
[9/2/2026, 02.57.41] Disconnect: 408
[9/2/2026, 02.57.44] Disconnect: 408
[9/2/2026, 02.57.47] Disconnect: 408
[9/2/2026, 02.57.50] Disconnect: 408
[9/2/2026, 02.57.53] Disconnect: 408
[9/2/2026, 02.57.56] Disconnect: 408
[9/2/2026, 02.57.59] Disconnect: 408
[9/2/2026, 02.58.02] Disconnect: 408
[9/2/2026, 02.58.05] Disconnect: 408
[9/2/2026, 02.58.08] Disconnect: 408
[9/2/2026, 02.58.11] Disconnect: 408
[9/2/2026, 02.58.14] Disconnect: 408
[9/2/2026, 02.58.18] Disconnect: 408
[9/2/2026, 02.58.21] Disconnect: 408
[9/2/2026, 02.58.24] Disconnect: 408
[9/2/2026, 02.58.27] Disconnect: 408
[9/2/2026, 02.58.30] Disconnect: 408
[9/2/2026, 02.58.33] Disconnect: 408
[9/2/2026, 02.58.36] Disconnect: 408
[9/2/2026, 02.58.39] Disconnect: 408
[9/2/2026, 02.58.42] Disconnect: 408
[9/2/2026, 02.58.45] Disconnect: 408
[9/2/2026, 02.58.48] Disconnect: 408
[9/2/2026, 02.58.51] Disconnect: 408
[9/2/2026, 02.58.54] Disconnect: 408
[9/2/2026, 02.58.57] Disconnect: 408
[9/2/2026, 02.59.00] Disconnect: 408
[9/2/2026, 02.59.03] Disconnect: 408
[9/2/2026, 02.59.06] Disconnect: 408
[9/2/2026, 02.59.09] Disconnect: 408
[9/2/2026, 02.59.12] Disconnect: 408
[9/2/2026, 02.59.15] Disconnect: 408
[9/2/2026, 02.59.18] Disconnect: 408
[9/2/2026, 02.59.21] Disconnect: 408
[9/2/2026, 02.59.24] Disconnect: 408
[9/2/2026, 02.59.27] Disconnect: 408
[9/2/2026, 02.59.30] Disconnect: 408
[9/2/2026, 02.59.33] Disconnect: 408
[9/2/2026, 02.59.36] Disconnect: 408
[9/2/2026, 02.59.39] Disconnect: 408
[9/2/2026, 02.59.43] Disconnect: 408
[9/2/2026, 02.59.46] Disconnect: 408
[9/2/2026, 02.59.49] Disconnect: 408
[9/2/2026, 02.59.52] Disconnect: 408
[9/2/2026, 02.59.55] Disconnect: 408
[9/2/2026, 02.59.58] Disconnect: 408
[9/2/2026, 03.00.01] Disconnect: 408
[9/2/2026, 03.00.04] Disconnect: 408
[9/2/2026, 03.00.07] Disconnect: 408
[9/2/2026, 03.00.10] Disconnect: 408
[9/2/2026, 03.00.13] Disconnect: 408
[9/2/2026, 03.00.16] Disconnect: 408
[9/2/2026, 03.00.19] Disconnect: 408
[9/2/2026, 03.00.22] Disconnect: 408
[9/2/2026, 03.00.25] Disconnect: 408
[9/2/2026, 03.00.28] Disconnect: 408
[9/2/2026, 03.00.31] Disconnect: 408
[9/2/2026, 03.00.34] Disconnect: 408
[9/2/2026, 03.00.37] Disconnect: 408
[9/2/2026, 03.00.40] Disconnect: 408
[9/2/2026, 03.00.43] Disconnect: 408
[9/2/2026, 03.00.46] Disconnect: 408
[9/2/2026, 03.00.49] Disconnect: 408
[9/2/2026, 03.00.52] Disconnect: 408
[9/2/2026, 03.00.55] Disconnect: 408
[9/2/2026, 03.00.58] Disconnect: 408
[9/2/2026, 03.01.01] Disconnect: 408
[9/2/2026, 03.01.04] Disconnect: 408
[9/2/2026, 03.01.07] Disconnect: 408
[9/2/2026, 03.01.10] Disconnect: 408
[9/2/2026, 03.01.14] Disconnect: 408
[9/2/2026, 03.01.17] Disconnect: 408
[9/2/2026, 03.01.20] Disconnect: 408
[9/2/2026, 03.01.23] Disconnect: 408
[9/2/2026, 03.01.26] Disconnect: 408
[9/2/2026, 03.01.29] Disconnect: 408
[9/2/2026, 03.01.32] Disconnect: 408
[9/2/2026, 03.01.35] Disconnect: 408
[9/2/2026, 03.01.38] Disconnect: 408
[9/2/2026, 03.01.41] Disconnect: 408
[9/2/2026, 03.01.44] Disconnect: 408
[9/2/2026, 03.01.47] Disconnect: 408
[9/2/2026, 03.01.50] Disconnect: 408
[9/2/2026, 03.01.53] Disconnect: 408
[9/2/2026, 03.01.56] Disconnect: 408
[9/2/2026, 03.01.59] Disconnect: 408
[9/2/2026, 03.02.02] Disconnect: 408
[9/2/2026, 03.02.05] Disconnect: 408
[9/2/2026, 03.02.08] Disconnect: 408
[9/2/2026, 03.02.11] Disconnect: 408
[9/2/2026, 03.02.14] Disconnect: 408
[9/2/2026, 03.02.17] Disconnect: 408
[9/2/2026, 03.02.20] Disconnect: 408
[9/2/2026, 03.02.23] Disconnect: 408
[9/2/2026, 03.02.26] Disconnect: 408
[9/2/2026, 03.02.29] Disconnect: 408
[9/2/2026, 03.02.32] Disconnect: 408
[9/2/2026, 03.02.35] Disconnect: 408
[9/2/2026, 03.02.38] Disconnect: 408
[9/2/2026, 03.02.41] Disconnect: 408
[9/2/2026, 03.02.44] Disconnect: 408
[9/2/2026, 03.02.47] Disconnect: 408
[9/2/2026, 03.02.51] Disconnect: 408
[9/2/2026, 03.02.54] Disconnect: 408
[9/2/2026, 03.02.57] Disconnect: 408
[9/2/2026, 03.03.00] Disconnect: 408
[9/2/2026, 03.03.03] Disconnect: 408
[9/2/2026, 03.03.06] Disconnect: 408
[9/2/2026, 03.03.09] Disconnect: 408
[9/2/2026, 03.03.12] Disconnect: 408
[9/2/2026, 03.03.15] Disconnect: 408
[9/2/2026, 03.03.18] Disconnect: 408
[9/2/2026, 03.03.21] Disconnect: 408
[9/2/2026, 03.03.24] Disconnect: 408
[9/2/2026, 03.03.27] Disconnect: 408
[9/2/2026, 03.03.30] Disconnect: 408
[9/2/2026, 03.03.33] Disconnect: 408
[9/2/2026, 03.03.36] Disconnect: 408
[9/2/2026, 03.03.39] Disconnect: 408
[9/2/2026, 03.03.42] Disconnect: 408
[9/2/2026, 03.03.45] Disconnect: 408
[9/2/2026, 03.03.48] Disconnect: 408
[9/2/2026, 03.03.51] Disconnect: 408
[9/2/2026, 03.03.54] Disconnect: 408
[9/2/2026, 03.03.57] Disconnect: 408
[9/2/2026, 03.04.00] Disconnect: 408
[9/2/2026, 03.04.03] Disconnect: 408
[9/2/2026, 03.04.06] Disconnect: 408
[9/2/2026, 03.04.09] Disconnect: 408
[9/2/2026, 03.04.12] Disconnect: 408
[9/2/2026, 03.04.16] Disconnect: 408
[9/2/2026, 03.04.19] Disconnect: 408
[9/2/2026, 03.04.22] Disconnect: 408
[9/2/2026, 03.04.25] Disconnect: 408
[9/2/2026, 03.04.28] Disconnect: 408
[9/2/2026, 03.04.31] Disconnect: 408
[9/2/2026, 03.04.34] Disconnect: 408
[9/2/2026, 03.04.37] Disconnect: 408
[9/2/2026, 03.04.40] Disconnect: 408
[9/2/2026, 03.04.43] Disconnect: 408
[9/2/2026, 03.04.46] Disconnect: 408
[9/2/2026, 03.04.49] Disconnect: 408
[9/2/2026, 03.04.52] Disconnect: 408
[9/2/2026, 03.04.55] Disconnect: 408
[9/2/2026, 03.04.58] Disconnect: 408
[9/2/2026, 03.05.01] Disconnect: 408
[9/2/2026, 03.05.04] Disconnect: 408
[9/2/2026, 03.05.07] Disconnect: 408
[9/2/2026, 03.05.10] Disconnect: 408
[9/2/2026, 03.05.13] Disconnect: 408
[9/2/2026, 03.05.16] Disconnect: 408
[9/2/2026, 03.05.19] Disconnect: 408
[9/2/2026, 03.05.22] Disconnect: 408
[9/2/2026, 03.05.25] Disconnect: 408
[9/2/2026, 03.05.28] Disconnect: 408
[9/2/2026, 03.05.31] Disconnect: 408
[9/2/2026, 03.05.34] Disconnect: 408
[9/2/2026, 03.05.37] Disconnect: 408
[9/2/2026, 03.05.40] Disconnect: 408
[9/2/2026, 03.05.43] Disconnect: 408
[9/2/2026, 03.05.47] Disconnect: 408
[9/2/2026, 03.05.50] Disconnect: 408
[9/2/2026, 03.05.53] Disconnect: 408
[9/2/2026, 03.05.56] Disconnect: 408
[9/2/2026, 03.05.59] Disconnect: 408
[9/2/2026, 03.06.02] Disconnect: 408
[9/2/2026, 03.06.05] Disconnect: 408
[9/2/2026, 03.06.08] Disconnect: 408
[9/2/2026, 03.06.11] Disconnect: 408
[9/2/2026, 03.06.14] Disconnect: 408
[9/2/2026, 03.06.17] Disconnect: 408
[9/2/2026, 03.06.20] Disconnect: 408
[9/2/2026, 03.06.23] Disconnect: 408
[9/2/2026, 03.06.26] Disconnect: 408
[9/2/2026, 03.06.29] Disconnect: 408
[9/2/2026, 03.06.32] Disconnect: 408
[9/2/2026, 03.06.35] Disconnect: 408
[9/2/2026, 03.06.38] Disconnect: 408
[9/2/2026, 03.06.41] Disconnect: 408
[9/2/2026, 03.06.44] Disconnect: 408
[9/2/2026, 03.06.47] Disconnect: 408
[9/2/2026, 03.06.50] Disconnect: 408
[9/2/2026, 03.06.53] Disconnect: 408
[9/2/2026, 03.06.56] Disconnect: 408
[9/2/2026, 03.06.59] Disconnect: 408
[9/2/2026, 03.07.02] Disconnect: 408
[9/2/2026, 03.07.05] Disconnect: 408
[9/2/2026, 03.07.08] Disconnect: 408
[9/2/2026, 03.07.11] Disconnect: 408
[9/2/2026, 03.07.15] Disconnect: 408
[9/2/2026, 03.07.18] Disconnect: 408
[9/2/2026, 03.07.21] Disconnect: 408
[9/2/2026, 03.07.24] Disconnect: 408
[9/2/2026, 03.07.27] Disconnect: 408
[9/2/2026, 03.07.30] Disconnect: 408
[9/2/2026, 03.07.33] Disconnect: 408
[9/2/2026, 03.07.36] Disconnect: 408
[9/2/2026, 03.07.39] Disconnect: 408
[9/2/2026, 03.07.42] Disconnect: 408
[9/2/2026, 03.07.45] Disconnect: 408
[9/2/2026, 03.07.48] Disconnect: 408
[9/2/2026, 03.07.51] Disconnect: 408
[9/2/2026, 03.07.54] Disconnect: 408
[9/2/2026, 03.07.57] Disconnect: 408
[9/2/2026, 03.08.00] Disconnect: 408
[9/2/2026, 03.08.03] Disconnect: 408
[9/2/2026, 03.08.06] Disconnect: 408
[9/2/2026, 03.08.09] Disconnect: 408
[9/2/2026, 03.08.12] Disconnect: 408
[9/2/2026, 03.08.15] Disconnect: 408
[9/2/2026, 03.08.18] Disconnect: 408
[9/2/2026, 03.08.21] Disconnect: 408
[9/2/2026, 03.08.24] Disconnect: 408
[9/2/2026, 03.08.27] Disconnect: 408
[9/2/2026, 03.08.30] Disconnect: 408
[9/2/2026, 03.08.33] Disconnect: 408
[9/2/2026, 03.08.36] Disconnect: 408
[9/2/2026, 03.08.39] Disconnect: 408
[9/2/2026, 03.08.43] Disconnect: 408
[9/2/2026, 03.08.46] Disconnect: 408
[9/2/2026, 03.08.49] Disconnect: 408
[9/2/2026, 03.08.52] Disconnect: 408
[9/2/2026, 03.08.55] Disconnect: 408
[9/2/2026, 03.08.58] Disconnect: 408
[9/2/2026, 03.09.01] Disconnect: 408
[9/2/2026, 03.09.04] Disconnect: 408
[9/2/2026, 03.09.07] Disconnect: 408
[9/2/2026, 03.09.10] Disconnect: 408
[9/2/2026, 03.09.13] Disconnect: 408
[9/2/2026, 03.09.16] Disconnect: 408
[9/2/2026, 03.09.19] Disconnect: 408
[9/2/2026, 03.09.22] Disconnect: 408
[9/2/2026, 03.09.25] Disconnect: 408
[9/2/2026, 03.09.28] Disconnect: 408
[9/2/2026, 03.09.31] Disconnect: 408
[9/2/2026, 03.09.34] Disconnect: 408
[9/2/2026, 03.09.37] Disconnect: 408
[9/2/2026, 03.09.40] Disconnect: 408
[9/2/2026, 03.09.43] Disconnect: 408
[9/2/2026, 03.09.46] Disconnect: 408
[9/2/2026, 03.09.49] Disconnect: 408
[9/2/2026, 03.09.52] Disconnect: 408
[9/2/2026, 03.09.55] Disconnect: 408
[9/2/2026, 03.09.58] Disconnect: 408
[9/2/2026, 03.10.01] Disconnect: 408
[9/2/2026, 03.10.04] Disconnect: 408
[9/2/2026, 03.10.07] Disconnect: 408
[9/2/2026, 03.10.11] Disconnect: 408
[9/2/2026, 03.10.14] Disconnect: 408
[9/2/2026, 03.10.17] Disconnect: 408
[9/2/2026, 03.10.20] Disconnect: 408
[9/2/2026, 03.10.23] Disconnect: 408
[9/2/2026, 03.10.26] Disconnect: 408
[9/2/2026, 03.10.29] Disconnect: 408
[9/2/2026, 03.10.32] Disconnect: 408
[9/2/2026, 03.10.35] Disconnect: 408
[9/2/2026, 03.10.38] Disconnect: 408
[9/2/2026, 03.10.41] Disconnect: 408
[9/2/2026, 03.10.44] Disconnect: 408
[9/2/2026, 03.10.47] Disconnect: 408
[9/2/2026, 03.10.50] Disconnect: 408
[9/2/2026, 03.10.53] Disconnect: 408
[9/2/2026, 03.10.56] Disconnect: 408
[9/2/2026, 03.10.59] Disconnect: 408
[9/2/2026, 03.11.02] Disconnect: 408
[9/2/2026, 03.11.05] Disconnect: 408
[9/2/2026, 03.11.08] Disconnect: 408
[9/2/2026, 03.11.11] Disconnect: 408
[9/2/2026, 03.11.14] Disconnect: 408
[9/2/2026, 03.11.17] Disconnect: 408
[9/2/2026, 03.11.20] Disconnect: 408
[9/2/2026, 03.11.23] Disconnect: 408
[9/2/2026, 03.11.26] Disconnect: 408
[9/2/2026, 03.11.29] Disconnect: 408
[9/2/2026, 03.11.32] Disconnect: 408
[9/2/2026, 03.11.35] Disconnect: 408
[9/2/2026, 03.11.39] Disconnect: 408
[9/2/2026, 03.11.42] Disconnect: 408
[9/2/2026, 03.11.45] Disconnect: 408
[9/2/2026, 03.11.48] Disconnect: 408
[9/2/2026, 03.11.51] Disconnect: 408
[9/2/2026, 03.11.54] Disconnect: 408
[9/2/2026, 03.11.57] Disconnect: 408
[9/2/2026, 03.12.00] Disconnect: 408
[9/2/2026, 03.12.03] Disconnect: 408
[9/2/2026, 03.12.06] Disconnect: 408
[9/2/2026, 03.12.09] Disconnect: 408
[9/2/2026, 03.12.12] Disconnect: 408
[9/2/2026, 03.12.15] Disconnect: 408
[9/2/2026, 03.12.18] Disconnect: 408
[9/2/2026, 03.12.21] Disconnect: 408
[9/2/2026, 03.12.24] Disconnect: 408
[9/2/2026, 03.12.27] Disconnect: 408
[9/2/2026, 03.12.30] Disconnect: 408
[9/2/2026, 03.12.33] Disconnect: 408
[9/2/2026, 03.12.36] Disconnect: 408
[9/2/2026, 03.12.39] Disconnect: 408
[9/2/2026, 03.12.42] Disconnect: 408
[9/2/2026, 03.12.45] Disconnect: 408
[9/2/2026, 03.12.48] Disconnect: 408
[9/2/2026, 03.12.51] Disconnect: 408
[9/2/2026, 03.12.54] Disconnect: 408
[9/2/2026, 03.12.57] Disconnect: 408
[9/2/2026, 03.13.00] Disconnect: 408
[9/2/2026, 03.13.03] Disconnect: 408
[9/2/2026, 03.13.06] Disconnect: 408
[9/2/2026, 03.13.10] Disconnect: 408
[9/2/2026, 03.13.13] Disconnect: 408
[9/2/2026, 03.13.16] Disconnect: 408
[9/2/2026, 03.13.19] Disconnect: 408
[9/2/2026, 03.13.22] Disconnect: 408
[9/2/2026, 03.13.25] Disconnect: 408
[9/2/2026, 03.13.28] Disconnect: 408
[9/2/2026, 03.13.31] Disconnect: 408
[9/2/2026, 03.13.34] Disconnect: 408
[9/2/2026, 03.13.37] Disconnect: 408
[9/2/2026, 03.13.40] Disconnect: 408
[9/2/2026, 03.13.43] Disconnect: 408
[9/2/2026, 03.13.46] Disconnect: 408
[9/2/2026, 03.13.49] Disconnect: 408
[9/2/2026, 03.13.52] Disconnect: 408
[9/2/2026, 03.13.55] Disconnect: 408
[9/2/2026, 03.13.58] Disconnect: 408
[9/2/2026, 03.14.01] Disconnect: 408
[9/2/2026, 03.14.04] Disconnect: 408
[9/2/2026, 03.14.07] Disconnect: 408
[9/2/2026, 03.14.10] Disconnect: 408
[9/2/2026, 03.14.13] Disconnect: 408
[9/2/2026, 03.14.16] Disconnect: 408
[9/2/2026, 03.14.19] Disconnect: 408
[9/2/2026, 03.14.22] Disconnect: 408
[9/2/2026, 03.14.25] Disconnect: 408
[9/2/2026, 03.14.28] Disconnect: 408
[9/2/2026, 03.14.31] Disconnect: 408
[9/2/2026, 03.14.34] Disconnect: 408
[9/2/2026, 03.14.38] Disconnect: 408
[9/2/2026, 03.14.41] Disconnect: 408
[9/2/2026, 03.14.44] Disconnect: 408
[9/2/2026, 03.14.47] Disconnect: 408
[9/2/2026, 03.14.50] Disconnect: 408
[9/2/2026, 03.14.53] Disconnect: 408
[9/2/2026, 03.14.56] Disconnect: 408
[9/2/2026, 03.14.59] Disconnect: 408
[9/2/2026, 03.15.02] Disconnect: 408
[9/2/2026, 03.15.05] Disconnect: 408
[9/2/2026, 03.15.08] Disconnect: 408
[9/2/2026, 03.15.11] Disconnect: 408
[9/2/2026, 03.15.14] Disconnect: 408
[9/2/2026, 03.15.17] Disconnect: 408
[9/2/2026, 03.15.20] Disconnect: 408
[9/2/2026, 03.15.23] Disconnect: 408
[9/2/2026, 03.15.26] Disconnect: 408
[9/2/2026, 03.15.29] Disconnect: 408
[9/2/2026, 03.15.32] Disconnect: 408
[9/2/2026, 03.15.35] Disconnect: 408
[9/2/2026, 03.15.38] Disconnect: 408
[9/2/2026, 03.15.41] Disconnect: 408
[9/2/2026, 03.15.44] Disconnect: 408
[9/2/2026, 03.15.47] Disconnect: 408
[9/2/2026, 03.15.50] Disconnect: 408
[9/2/2026, 03.15.53] Disconnect: 408
[9/2/2026, 03.15.56] Disconnect: 408
[9/2/2026, 03.15.59] Disconnect: 408
[9/2/2026, 03.16.02] Disconnect: 408
[9/2/2026, 03.16.06] Disconnect: 408
[9/2/2026, 03.16.09] Disconnect: 408
[9/2/2026, 03.16.12] Disconnect: 408
[9/2/2026, 03.16.15] Disconnect: 408
[9/2/2026, 03.16.18] Disconnect: 408
[9/2/2026, 03.16.21] Disconnect: 408
[9/2/2026, 03.16.24] Disconnect: 408
[9/2/2026, 03.16.27] Disconnect: 408
[9/2/2026, 03.16.30] Disconnect: 408
[9/2/2026, 03.16.33] Disconnect: 408
[9/2/2026, 03.16.36] Disconnect: 408
[9/2/2026, 03.16.39] Disconnect: 408
[9/2/2026, 03.16.42] Disconnect: 408
[9/2/2026, 03.16.45] Disconnect: 408
[9/2/2026, 03.16.48] Disconnect: 408
[9/2/2026, 03.16.51] Disconnect: 408
[9/2/2026, 03.16.54] Disconnect: 408
[9/2/2026, 03.16.57] Disconnect: 408
[9/2/2026, 03.17.00] Disconnect: 408
[9/2/2026, 03.17.03] Disconnect: 408
[9/2/2026, 03.17.06] Disconnect: 408
[9/2/2026, 03.17.09] Disconnect: 408
[9/2/2026, 03.17.12] Disconnect: 408
[9/2/2026, 03.17.15] Disconnect: 408
[9/2/2026, 03.17.18] Disconnect: 408
[9/2/2026, 03.17.21] Disconnect: 408
[9/2/2026, 03.17.24] Disconnect: 408
[9/2/2026, 03.17.27] Disconnect: 408
[9/2/2026, 03.17.30] Disconnect: 408
[9/2/2026, 03.17.34] Disconnect: 408
[9/2/2026, 03.17.37] Disconnect: 408
[9/2/2026, 03.17.40] Disconnect: 408
[9/2/2026, 03.17.43] Disconnect: 408
[9/2/2026, 03.17.46] Disconnect: 408
[9/2/2026, 03.17.49] Disconnect: 408
[9/2/2026, 03.17.52] Disconnect: 408
[9/2/2026, 03.17.55] Disconnect: 408
[9/2/2026, 03.17.58] Disconnect: 408
[9/2/2026, 03.18.01] Disconnect: 408
[9/2/2026, 03.18.04] Disconnect: 408
[9/2/2026, 03.18.07] Disconnect: 408
[9/2/2026, 03.18.10] Disconnect: 408
[9/2/2026, 03.18.13] Disconnect: 408
[9/2/2026, 03.18.16] Disconnect: 408
[9/2/2026, 03.18.19] Disconnect: 408
[9/2/2026, 03.18.22] Disconnect: 408
[9/2/2026, 03.18.25] Disconnect: 408
[9/2/2026, 03.18.28] Disconnect: 408
[9/2/2026, 03.18.31] Disconnect: 408
[9/2/2026, 03.18.34] Disconnect: 408
[9/2/2026, 03.18.37] Disconnect: 408
[9/2/2026, 03.18.40] Disconnect: 408
[9/2/2026, 03.18.43] Disconnect: 408
[9/2/2026, 03.18.46] Disconnect: 408
[9/2/2026, 03.18.49] Disconnect: 408
[9/2/2026, 03.18.52] Disconnect: 408
[9/2/2026, 03.18.55] Disconnect: 408
[9/2/2026, 03.18.58] Disconnect: 408
[9/2/2026, 03.19.02] Disconnect: 408
[9/2/2026, 03.19.05] Disconnect: 408
[9/2/2026, 03.19.08] Disconnect: 408
[9/2/2026, 03.19.11] Disconnect: 408
[9/2/2026, 03.19.14] Disconnect: 408
[9/2/2026, 03.19.17] Disconnect: 408
[9/2/2026, 03.19.20] Disconnect: 408
[9/2/2026, 03.19.23] Disconnect: 408
[9/2/2026, 03.19.26] Disconnect: 408
[9/2/2026, 03.19.29] Disconnect: 408
[9/2/2026, 03.19.32] Disconnect: 408
[9/2/2026, 03.19.35] Disconnect: 408
[9/2/2026, 03.19.38] Disconnect: 408
[9/2/2026, 03.19.41] Disconnect: 408
[9/2/2026, 03.19.44] Disconnect: 408
[9/2/2026, 03.19.47] Disconnect: 408
[9/2/2026, 03.19.50] Disconnect: 408
[9/2/2026, 03.19.53] Disconnect: 408
[9/2/2026, 03.19.56] Disconnect: 408
[9/2/2026, 03.19.59] Disconnect: 408
[9/2/2026, 03.20.02] Disconnect: 408
[9/2/2026, 03.20.05] Disconnect: 408
[9/2/2026, 03.20.08] Disconnect: 408
[9/2/2026, 03.20.11] Disconnect: 408
[9/2/2026, 03.20.14] Disconnect: 408
[9/2/2026, 03.20.17] Disconnect: 408
[9/2/2026, 03.20.20] Disconnect: 408
[9/2/2026, 03.20.23] Disconnect: 408
[9/2/2026, 03.20.26] Disconnect: 408
[9/2/2026, 03.20.30] Disconnect: 408
[9/2/2026, 03.20.33] Disconnect: 408
[9/2/2026, 03.20.36] Disconnect: 408
[9/2/2026, 03.20.39] Disconnect: 408
[9/2/2026, 03.20.42] Disconnect: 408
[9/2/2026, 03.20.45] Disconnect: 408
[9/2/2026, 03.20.48] Disconnect: 408
[9/2/2026, 03.20.51] Disconnect: 408
[9/2/2026, 03.20.54] Disconnect: 408
[9/2/2026, 03.20.57] Disconnect: 408
[9/2/2026, 03.21.00] Disconnect: 408
[9/2/2026, 03.21.03] Disconnect: 408
[9/2/2026, 03.21.06] Disconnect: 408
[9/2/2026, 03.21.09] Disconnect: 408
[9/2/2026, 03.21.12] Disconnect: 408
[9/2/2026, 03.21.15] Disconnect: 408
[9/2/2026, 03.21.18] Disconnect: 408
[9/2/2026, 03.21.21] Disconnect: 408
[9/2/2026, 03.21.24] Disconnect: 408
[9/2/2026, 03.21.27] Disconnect: 408
[9/2/2026, 03.21.30] Disconnect: 408
[9/2/2026, 03.21.33] Disconnect: 408
[9/2/2026, 03.21.36] Disconnect: 408
[9/2/2026, 03.21.39] Disconnect: 408
[9/2/2026, 03.21.42] Disconnect: 408
[9/2/2026, 03.21.45] Disconnect: 408
[9/2/2026, 03.21.48] Disconnect: 408
[9/2/2026, 03.21.51] Disconnect: 408
[9/2/2026, 03.21.54] Disconnect: 408
[9/2/2026, 03.21.58] Disconnect: 408
[9/2/2026, 03.22.01] Disconnect: 408
[9/2/2026, 03.22.04] Disconnect: 408
[9/2/2026, 03.22.07] Disconnect: 408
[9/2/2026, 03.22.10] Disconnect: 408
[9/2/2026, 03.22.13] Disconnect: 408
[9/2/2026, 03.22.16] Disconnect: 408
[9/2/2026, 03.22.19] Disconnect: 408
[9/2/2026, 03.22.22] Disconnect: 408
[9/2/2026, 03.22.25] Disconnect: 408
[9/2/2026, 03.22.28] Disconnect: 408
[9/2/2026, 03.22.31] Disconnect: 408
[9/2/2026, 03.22.34] Disconnect: 408
[9/2/2026, 03.22.37] Disconnect: 408
[9/2/2026, 03.22.40] Disconnect: 408
[9/2/2026, 03.22.43] Disconnect: 408
[9/2/2026, 03.22.46] Disconnect: 408
[9/2/2026, 03.22.49] Disconnect: 408
[9/2/2026, 03.22.52] Disconnect: 408
[9/2/2026, 03.22.55] Disconnect: 408
[9/2/2026, 03.22.58] Disconnect: 408
[9/2/2026, 03.23.01] Disconnect: 408
[9/2/2026, 03.23.04] Disconnect: 408
[9/2/2026, 03.23.07] Disconnect: 408
[9/2/2026, 03.23.10] Disconnect: 408
[9/2/2026, 03.23.13] Disconnect: 408
[9/2/2026, 03.23.16] Disconnect: 408
[9/2/2026, 03.23.19] Disconnect: 408
[9/2/2026, 03.23.23] Disconnect: 408
[9/2/2026, 03.23.26] Disconnect: 408
[9/2/2026, 03.23.29] Disconnect: 408
[9/2/2026, 03.23.32] Disconnect: 408
[9/2/2026, 03.23.35] Disconnect: 408
[9/2/2026, 03.23.38] Disconnect: 408
[9/2/2026, 03.23.41] Disconnect: 408
[9/2/2026, 03.23.44] Disconnect: 408
[9/2/2026, 03.23.47] Disconnect: 408
[9/2/2026, 03.23.50] Disconnect: 408
[9/2/2026, 03.23.53] Disconnect: 408
[9/2/2026, 03.23.56] Disconnect: 408
[9/2/2026, 03.23.59] Disconnect: 408
[9/2/2026, 03.24.02] Disconnect: 408
[9/2/2026, 03.24.05] Disconnect: 408
[9/2/2026, 03.24.08] Disconnect: 408
[9/2/2026, 03.24.11] Disconnect: 408
[9/2/2026, 03.24.14] Disconnect: 408
[9/2/2026, 03.24.17] Disconnect: 408
[9/2/2026, 03.24.20] Disconnect: 408
[9/2/2026, 03.24.23] Disconnect: 408
[9/2/2026, 03.24.26] Disconnect: 408
[9/2/2026, 03.24.29] Disconnect: 408
[9/2/2026, 03.24.32] Disconnect: 408
[9/2/2026, 03.24.35] Disconnect: 408
[9/2/2026, 03.24.38] Disconnect: 408
[9/2/2026, 03.24.41] Disconnect: 408
[9/2/2026, 03.24.44] Disconnect: 408
[9/2/2026, 03.24.47] Disconnect: 408
[9/2/2026, 03.24.51] Disconnect: 408
[9/2/2026, 03.24.54] Disconnect: 408
[9/2/2026, 03.24.57] Disconnect: 408
[9/2/2026, 03.25.00] Disconnect: 408
[9/2/2026, 03.25.03] Disconnect: 408
[9/2/2026, 03.25.06] Disconnect: 408
[9/2/2026, 03.25.09] Disconnect: 408
[9/2/2026, 03.25.12] Disconnect: 408
[9/2/2026, 03.25.15] Disconnect: 408
[9/2/2026, 03.25.18] Disconnect: 408
[9/2/2026, 03.25.21] Disconnect: 408
[9/2/2026, 03.25.24] Disconnect: 408
[9/2/2026, 03.25.27] Disconnect: 408
[9/2/2026, 03.25.30] Disconnect: 408
[9/2/2026, 03.25.33] Disconnect: 408
[9/2/2026, 03.25.36] Disconnect: 408
[9/2/2026, 03.25.39] Disconnect: 408
[9/2/2026, 03.25.42] Disconnect: 408
[9/2/2026, 03.25.45] Disconnect: 408
[9/2/2026, 03.25.48] Disconnect: 408
[9/2/2026, 03.25.51] Disconnect: 408
[9/2/2026, 03.25.54] Disconnect: 408
[9/2/2026, 03.25.57] Disconnect: 408
[9/2/2026, 03.26.00] Disconnect: 408
[9/2/2026, 03.26.03] Disconnect: 408
[9/2/2026, 03.26.06] Disconnect: 408
[9/2/2026, 03.26.09] Disconnect: 408
[9/2/2026, 03.26.12] Disconnect: 408
[9/2/2026, 03.26.15] Disconnect: 408
[9/2/2026, 03.26.19] Disconnect: 408
[9/2/2026, 03.26.22] Disconnect: 408
[9/2/2026, 03.26.25] Disconnect: 408
[9/2/2026, 03.26.28] Disconnect: 408
[9/2/2026, 03.26.31] Disconnect: 408
[9/2/2026, 03.26.34] Disconnect: 408
[9/2/2026, 03.26.37] Disconnect: 408
[9/2/2026, 03.26.40] Disconnect: 408
[9/2/2026, 03.26.43] Disconnect: 408
[9/2/2026, 03.26.46] Disconnect: 408
[9/2/2026, 03.26.49] Disconnect: 408
[9/2/2026, 03.26.52] Disconnect: 408
[9/2/2026, 03.26.55] Disconnect: 408
[9/2/2026, 03.26.58] Disconnect: 408
[9/2/2026, 03.27.01] Disconnect: 408
[9/2/2026, 03.27.04] Disconnect: 408
[9/2/2026, 03.27.07] Disconnect: 408
[9/2/2026, 03.27.10] Disconnect: 408
[9/2/2026, 03.27.13] Disconnect: 408
[9/2/2026, 03.27.16] Disconnect: 408
[9/2/2026, 03.27.19] Disconnect: 408
[9/2/2026, 03.27.22] Disconnect: 408
[9/2/2026, 03.27.25] Disconnect: 408
[9/2/2026, 03.27.28] Disconnect: 408
[9/2/2026, 03.27.31] Disconnect: 408
[9/2/2026, 03.27.34] Disconnect: 408
[9/2/2026, 03.27.37] Disconnect: 408
[9/2/2026, 03.27.40] Disconnect: 408
[9/2/2026, 03.27.43] Disconnect: 408
[9/2/2026, 03.27.46] Disconnect: 408
[9/2/2026, 03.27.50] Disconnect: 408
[9/2/2026, 03.27.53] Disconnect: 408
[9/2/2026, 03.27.56] Disconnect: 408
[9/2/2026, 03.27.59] Disconnect: 408
[9/2/2026, 03.28.02] Disconnect: 408
[9/2/2026, 03.28.05] Disconnect: 408
[9/2/2026, 03.28.08] Disconnect: 408
[9/2/2026, 03.28.11] Disconnect: 408
[9/2/2026, 03.28.14] Disconnect: 408
[9/2/2026, 03.28.17] Disconnect: 408
[9/2/2026, 03.28.20] Disconnect: 408
[9/2/2026, 03.28.23] Disconnect: 408
[9/2/2026, 03.28.26] Disconnect: 408
[9/2/2026, 03.28.29] Disconnect: 408
[9/2/2026, 03.28.32] Disconnect: 408
[9/2/2026, 03.28.35] Disconnect: 408
[9/2/2026, 03.28.38] Disconnect: 408
[9/2/2026, 03.28.41] Disconnect: 408
[9/2/2026, 03.28.44] Disconnect: 408
[9/2/2026, 03.28.47] Disconnect: 408
[9/2/2026, 03.28.50] Disconnect: 408
[9/2/2026, 03.28.53] Disconnect: 408
[9/2/2026, 03.28.56] Disconnect: 408
[9/2/2026, 03.28.59] Disconnect: 408
[9/2/2026, 03.29.02] Disconnect: 408
[9/2/2026, 03.29.05] Disconnect: 408
[9/2/2026, 03.29.08] Disconnect: 408
[9/2/2026, 03.29.11] Disconnect: 408
[9/2/2026, 03.29.15] Disconnect: 408
[9/2/2026, 03.29.18] Disconnect: 408
[9/2/2026, 03.29.21] Disconnect: 408
[9/2/2026, 03.29.24] Disconnect: 408
[9/2/2026, 03.29.27] Disconnect: 408
[9/2/2026, 03.29.30] Disconnect: 408
[9/2/2026, 03.29.33] Disconnect: 408
[9/2/2026, 03.29.36] Disconnect: 408
[9/2/2026, 03.29.39] Disconnect: 408
[9/2/2026, 03.29.42] Disconnect: 408
[9/2/2026, 03.29.45] Disconnect: 408
[9/2/2026, 03.29.48] Disconnect: 408
[9/2/2026, 03.29.51] Disconnect: 408
[9/2/2026, 03.29.54] Disconnect: 408
[9/2/2026, 03.29.57] Disconnect: 408
[9/2/2026, 03.30.00] Disconnect: 408
[9/2/2026, 03.30.03] Disconnect: 408
[9/2/2026, 03.30.06] Disconnect: 408
[9/2/2026, 03.30.09] Disconnect: 408
[9/2/2026, 03.30.12] Disconnect: 408
[9/2/2026, 03.30.15] Disconnect: 408
[9/2/2026, 03.30.18] Disconnect: 408
[9/2/2026, 03.30.21] Disconnect: 408
[9/2/2026, 03.30.24] Disconnect: 408
[9/2/2026, 03.30.27] Disconnect: 408
[9/2/2026, 03.30.30] Disconnect: 408
[9/2/2026, 03.30.33] Disconnect: 408
[9/2/2026, 03.30.36] Disconnect: 408
[9/2/2026, 03.30.40] Disconnect: 408
[9/2/2026, 03.30.43] Disconnect: 408
[9/2/2026, 03.30.46] Disconnect: 408
[9/2/2026, 03.30.49] Disconnect: 408
[9/2/2026, 03.30.52] Disconnect: 408
[9/2/2026, 03.30.55] Disconnect: 408
[9/2/2026, 03.30.58] Disconnect: 408
[9/2/2026, 03.31.01] Disconnect: 408
[9/2/2026, 03.31.04] Disconnect: 408
[9/2/2026, 03.31.07] Disconnect: 408
[9/2/2026, 03.31.10] Disconnect: 408
[9/2/2026, 03.31.13] Disconnect: 408
[9/2/2026, 03.31.16] Disconnect: 408
[9/2/2026, 03.31.19] Disconnect: 408
[9/2/2026, 03.31.22] Disconnect: 408
[9/2/2026, 03.31.25] Disconnect: 408
[9/2/2026, 03.31.28] Disconnect: 408
[9/2/2026, 03.31.31] Disconnect: 408
[9/2/2026, 03.31.34] Disconnect: 408
[9/2/2026, 03.31.37] Disconnect: 408
[9/2/2026, 03.31.40] Disconnect: 408
[9/2/2026, 03.31.43] Disconnect: 408
[9/2/2026, 03.31.46] Disconnect: 408
[9/2/2026, 03.31.49] Disconnect: 408
[9/2/2026, 03.31.52] Disconnect: 408
[9/2/2026, 03.31.55] Disconnect: 408
[9/2/2026, 03.31.58] Disconnect: 408
[9/2/2026, 03.32.01] Disconnect: 408
[9/2/2026, 03.32.04] Disconnect: 408
[9/2/2026, 03.32.08] Disconnect: 408
[9/2/2026, 03.32.11] Disconnect: 408
[9/2/2026, 03.32.14] Disconnect: 408
[9/2/2026, 03.32.17] Disconnect: 408
[9/2/2026, 03.32.20] Disconnect: 408
[9/2/2026, 03.32.23] Disconnect: 408
[9/2/2026, 03.32.26] Disconnect: 408
[9/2/2026, 03.32.29] Disconnect: 408
[9/2/2026, 03.32.32] Disconnect: 408
[9/2/2026, 03.32.35] Disconnect: 408
[9/2/2026, 03.32.38] Disconnect: 408
[9/2/2026, 03.32.41] Disconnect: 408
[9/2/2026, 03.32.44] Disconnect: 408
[9/2/2026, 03.32.47] Disconnect: 408
[9/2/2026, 03.32.50] Disconnect: 408
[9/2/2026, 03.32.53] Disconnect: 408
[9/2/2026, 03.32.56] Disconnect: 408
[9/2/2026, 03.32.59] Disconnect: 408
[9/2/2026, 03.33.02] Disconnect: 408
[9/2/2026, 03.33.05] Disconnect: 408
[9/2/2026, 03.33.08] Disconnect: 408
[9/2/2026, 03.33.11] Disconnect: 408
[9/2/2026, 03.33.14] Disconnect: 408
[9/2/2026, 03.33.17] Disconnect: 408
[9/2/2026, 03.33.20] Disconnect: 408
[9/2/2026, 03.33.23] Disconnect: 408
[9/2/2026, 03.33.26] Disconnect: 408
[9/2/2026, 03.33.29] Disconnect: 408
[9/2/2026, 03.33.32] Disconnect: 408
[9/2/2026, 03.33.35] Disconnect: 408
[9/2/2026, 03.33.38] Disconnect: 408
[9/2/2026, 03.33.41] Disconnect: 408
[9/2/2026, 03.33.45] Disconnect: 408
[9/2/2026, 03.33.48] Disconnect: 408
[9/2/2026, 03.33.51] Disconnect: 408
[9/2/2026, 03.33.54] Disconnect: 408
[9/2/2026, 03.33.57] Disconnect: 408
[9/2/2026, 03.34.00] Disconnect: 408
[9/2/2026, 03.34.03] Disconnect: 408
[9/2/2026, 03.34.06] Disconnect: 408
[9/2/2026, 03.34.09] Disconnect: 408
[9/2/2026, 03.34.12] Disconnect: 408
[9/2/2026, 03.34.15] Disconnect: 408
[9/2/2026, 03.34.18] Disconnect: 408
[9/2/2026, 03.34.21] Disconnect: 408
[9/2/2026, 03.34.24] Disconnect: 408
[9/2/2026, 03.34.27] Disconnect: 408
[9/2/2026, 03.34.30] Disconnect: 408
[9/2/2026, 03.34.33] Disconnect: 408
[9/2/2026, 03.34.36] Disconnect: 408
[9/2/2026, 03.34.39] Disconnect: 408
[9/2/2026, 03.34.42] Disconnect: 408
[9/2/2026, 03.34.45] Disconnect: 408
[9/2/2026, 03.34.48] Disconnect: 408
[9/2/2026, 03.34.51] Disconnect: 408
[9/2/2026, 03.34.54] Disconnect: 408
[9/2/2026, 03.34.57] Disconnect: 408
[9/2/2026, 03.35.00] Disconnect: 408
[9/2/2026, 03.35.03] Disconnect: 408
[9/2/2026, 03.35.06] Disconnect: 408
[9/2/2026, 03.35.09] Disconnect: 408
[9/2/2026, 03.35.12] Disconnect: 408
[9/2/2026, 03.35.15] Disconnect: 408
[9/2/2026, 03.35.18] Disconnect: 408
[9/2/2026, 03.35.21] Disconnect: 408
[9/2/2026, 03.35.25] Disconnect: 408
[9/2/2026, 03.35.28] Disconnect: 408
[9/2/2026, 03.35.31] Disconnect: 408
[9/2/2026, 03.35.34] Disconnect: 408
[9/2/2026, 03.35.37] Disconnect: 408
[9/2/2026, 03.35.40] Disconnect: 408
[9/2/2026, 03.35.43] Disconnect: 408
[9/2/2026, 03.35.46] Disconnect: 408
[9/2/2026, 03.35.49] Disconnect: 408
[9/2/2026, 03.35.52] Disconnect: 408
[9/2/2026, 03.35.55] Disconnect: 408
[9/2/2026, 03.35.58] Disconnect: 408
[9/2/2026, 03.36.01] Disconnect: 408
[9/2/2026, 03.36.04] Disconnect: 408
[9/2/2026, 03.36.07] Disconnect: 408
[9/2/2026, 03.36.10] Disconnect: 408
[9/2/2026, 03.36.13] Disconnect: 408
[9/2/2026, 03.36.16] Disconnect: 408
[9/2/2026, 03.36.19] Disconnect: 408
[9/2/2026, 03.36.22] Disconnect: 408
[9/2/2026, 03.36.25] Disconnect: 408
[9/2/2026, 03.36.28] Disconnect: 408
[9/2/2026, 03.36.31] Disconnect: 408
[9/2/2026, 03.36.34] Disconnect: 408
[9/2/2026, 03.36.37] Disconnect: 408
[9/2/2026, 03.36.40] Disconnect: 408
[9/2/2026, 03.36.43] Disconnect: 408
[9/2/2026, 03.36.46] Disconnect: 408
[9/2/2026, 03.36.49] Disconnect: 408
[9/2/2026, 03.36.53] Disconnect: 408
[9/2/2026, 03.36.56] Disconnect: 408
[9/2/2026, 03.36.59] Disconnect: 408
[9/2/2026, 03.37.02] Disconnect: 408
[9/2/2026, 03.37.05] Disconnect: 408
[9/2/2026, 03.37.08] Disconnect: 408
[9/2/2026, 03.37.11] Disconnect: 408
[9/2/2026, 03.37.14] Disconnect: 408
[9/2/2026, 03.37.17] Disconnect: 408
[9/2/2026, 03.37.20] Disconnect: 408
[9/2/2026, 03.37.23] Disconnect: 408
[9/2/2026, 03.37.26] Disconnect: 408
[9/2/2026, 03.37.29] Disconnect: 408
[9/2/2026, 03.37.32] Disconnect: 408
[9/2/2026, 03.37.35] Disconnect: 408
[9/2/2026, 03.37.38] Disconnect: 408
[9/2/2026, 03.37.41] Disconnect: 408
[9/2/2026, 03.37.44] Disconnect: 408
[9/2/2026, 03.37.47] Disconnect: 408
[9/2/2026, 03.37.50] Disconnect: 408
[9/2/2026, 03.37.53] Disconnect: 408
[9/2/2026, 03.37.56] Disconnect: 408
[9/2/2026, 03.37.59] Disconnect: 408
[9/2/2026, 03.38.02] Disconnect: 408
[9/2/2026, 03.38.05] Disconnect: 408
[9/2/2026, 03.38.08] Disconnect: 408
[9/2/2026, 03.38.11] Disconnect: 408
[9/2/2026, 03.38.14] Disconnect: 408
[9/2/2026, 03.38.17] Disconnect: 408
[9/2/2026, 03.38.21] Disconnect: 408
[9/2/2026, 03.38.24] Disconnect: 408
[9/2/2026, 03.38.27] Disconnect: 408
[9/2/2026, 03.38.30] Disconnect: 408
[9/2/2026, 03.38.33] Disconnect: 408
[9/2/2026, 03.38.36] Disconnect: 408
[9/2/2026, 03.38.39] Disconnect: 408
[9/2/2026, 03.38.42] Disconnect: 408
[9/2/2026, 03.38.45] Disconnect: 408
[9/2/2026, 03.38.48] Disconnect: 408
[9/2/2026, 03.38.51] Disconnect: 408
[9/2/2026, 03.38.54] Disconnect: 408
[9/2/2026, 03.38.57] Disconnect: 408
[9/2/2026, 03.39.00] Disconnect: 408
[9/2/2026, 03.39.03] Disconnect: 408
[9/2/2026, 03.39.06] Disconnect: 408
[9/2/2026, 03.39.09] Disconnect: 408
[9/2/2026, 03.39.12] Disconnect: 408
[9/2/2026, 03.39.15] Disconnect: 408
[9/2/2026, 03.39.18] Disconnect: 408
[9/2/2026, 03.39.21] Disconnect: 408
[9/2/2026, 03.39.24] Disconnect: 408
[9/2/2026, 03.39.27] Disconnect: 408
[9/2/2026, 03.39.30] Disconnect: 408
[9/2/2026, 03.39.33] Disconnect: 408
[9/2/2026, 03.39.36] Disconnect: 408
[9/2/2026, 03.39.39] Disconnect: 408
[9/2/2026, 03.39.42] Disconnect: 408
[9/2/2026, 03.39.45] Disconnect: 408
[9/2/2026, 03.39.49] Disconnect: 408
[9/2/2026, 03.39.52] Disconnect: 408
[9/2/2026, 03.39.55] Disconnect: 408
[9/2/2026, 03.39.58] Disconnect: 408
[9/2/2026, 03.40.01] Disconnect: 408
[9/2/2026, 03.40.04] Disconnect: 408
[9/2/2026, 03.40.07] Disconnect: 408
[9/2/2026, 03.40.10] Disconnect: 408
[9/2/2026, 03.40.13] Disconnect: 408
[9/2/2026, 03.40.16] Disconnect: 408
[9/2/2026, 03.40.19] Disconnect: 408
[9/2/2026, 03.40.22] Disconnect: 408
[9/2/2026, 03.40.25] Disconnect: 408
[9/2/2026, 03.40.28] Disconnect: 408
[9/2/2026, 03.40.31] Disconnect: 408
[9/2/2026, 03.40.34] Disconnect: 408
[9/2/2026, 03.40.37] Disconnect: 408
[9/2/2026, 03.40.40] Disconnect: 408
[9/2/2026, 03.40.43] Disconnect: 408
[9/2/2026, 03.40.46] Disconnect: 408
[9/2/2026, 03.40.49] Disconnect: 408
[9/2/2026, 03.40.52] Disconnect: 408
[9/2/2026, 03.40.55] Disconnect: 408
[9/2/2026, 03.40.58] Disconnect: 408
[9/2/2026, 03.41.01] Disconnect: 408
[9/2/2026, 03.41.04] Disconnect: 408
[9/2/2026, 03.41.07] Disconnect: 408
[9/2/2026, 03.41.10] Disconnect: 408
[9/2/2026, 03.41.13] Disconnect: 408
[9/2/2026, 03.41.17] Disconnect: 408
[9/2/2026, 03.41.20] Disconnect: 408
[9/2/2026, 03.41.23] Disconnect: 408
[9/2/2026, 03.41.26] Disconnect: 408
[9/2/2026, 03.41.29] Disconnect: 408
[9/2/2026, 03.41.32] Disconnect: 408
[9/2/2026, 03.41.35] Disconnect: 408
[9/2/2026, 03.41.38] Disconnect: 408
[9/2/2026, 03.41.41] Disconnect: 408
[9/2/2026, 03.41.44] Disconnect: 408
[9/2/2026, 16.39.46] Disconnect: 515
[9/2/2026, 16.55.22] Disconnect: 408
[9/2/2026, 17.45.30] Disconnect: 500
[9/2/2026, 18.35.35] Disconnect: 500
[9/2/2026, 19.04.45] Gagal reload judulanime.js: SyntaxError: Identifier 'res' has already been declared
[9/2/2026, 19.04.45] Gagal reload judulanime.js: SyntaxError: Identifier 'res' has already been declared
[9/2/2026, 19.04.46] Gagal reload judulanime.js: SyntaxError: Identifier 'res' has already been declared
[9/2/2026, 19.05.24] Error plugin judulanime: TypeError: plugins[command] is not a function
[9/2/2026, 19.06.32] Error plugin judulanime: TypeError: plugins[command] is not a function
[9/2/2026, 19.25.41] Disconnect: 500
[9/2/2026, 20.01.53] Disconnect: 428
[9/2/2026, 20.01.57] Disconnect: 408
[9/2/2026, 20.02.00] Disconnect: 408
[9/2/2026, 20.02.03] Disconnect: 408
[9/2/2026, 20.02.06] Disconnect: 408
[9/2/2026, 20.02.09] Disconnect: 408
[9/2/2026, 20.02.12] Disconnect: 408
[9/2/2026, 20.02.15] Disconnect: 408
[9/2/2026, 20.02.18] Disconnect: 408
[9/2/2026, 20.02.21] Disconnect: 408
[9/2/2026, 20.02.24] Disconnect: 408
[9/2/2026, 20.02.27] Disconnect: 408
[9/2/2026, 20.02.30] Disconnect: 408
[9/2/2026, 20.02.33] Disconnect: 408
[9/2/2026, 20.02.36] Disconnect: 408
[9/2/2026, 20.02.39] Disconnect: 408
[9/2/2026, 20.02.42] Disconnect: 408
[9/2/2026, 20.02.45] Disconnect: 408
[9/2/2026, 20.02.48] Disconnect: 408
[9/2/2026, 20.02.51] Disconnect: 408
[9/2/2026, 20.02.54] Disconnect: 408
[9/2/2026, 20.02.57] Disconnect: 408
[9/2/2026, 20.03.00] Disconnect: 408
[9/2/2026, 20.03.03] Disconnect: 408
[9/2/2026, 20.03.06] Disconnect: 408
[9/2/2026, 20.03.10] Disconnect: 408
[9/2/2026, 20.03.13] Disconnect: 408
[9/2/2026, 20.03.16] Disconnect: 408
[9/2/2026, 20.03.19] Disconnect: 408
[9/2/2026, 20.03.22] Disconnect: 408
[9/2/2026, 20.03.25] Disconnect: 408
[9/2/2026, 20.03.28] Disconnect: 408
[9/2/2026, 20.03.31] Disconnect: 408
[9/2/2026, 20.03.34] Disconnect: 408
[9/2/2026, 20.03.37] Disconnect: 408
[9/2/2026, 20.03.40] Disconnect: 408
[9/2/2026, 20.03.43] Disconnect: 408
[9/2/2026, 20.03.46] Disconnect: 408
[9/2/2026, 20.03.49] Disconnect: 408
[9/2/2026, 20.03.52] Disconnect: 408
[9/2/2026, 20.03.55] Disconnect: 408
[9/2/2026, 20.03.58] Disconnect: 408
[9/2/2026, 20.04.01] Disconnect: 408
[9/2/2026, 20.04.04] Disconnect: 408
[9/2/2026, 20.04.07] Disconnect: 408
[9/2/2026, 20.04.10] Disconnect: 408
[9/2/2026, 20.04.13] Disconnect: 408
[9/2/2026, 20.04.16] Disconnect: 408
[9/2/2026, 20.04.19] Disconnect: 408
[9/2/2026, 20.04.23] Disconnect: 408
[9/2/2026, 20.04.26] Disconnect: 408
[9/2/2026, 20.04.29] Disconnect: 408
[9/2/2026, 20.04.32] Disconnect: 408
[9/2/2026, 20.04.35] Disconnect: 408
[9/2/2026, 20.04.38] Disconnect: 408
[9/2/2026, 20.04.41] Disconnect: 408
[9/2/2026, 20.04.44] Disconnect: 408
[9/2/2026, 20.04.47] Disconnect: 408
[9/2/2026, 20.04.50] Disconnect: 408
[9/2/2026, 20.04.53] Disconnect: 408
[9/2/2026, 20.04.56] Disconnect: 408
[9/2/2026, 20.04.59] Disconnect: 408
[9/2/2026, 20.05.02] Disconnect: 408
[9/2/2026, 20.05.05] Disconnect: 408
[9/2/2026, 20.05.08] Disconnect: 408
[9/2/2026, 20.05.11] Disconnect: 408
[9/2/2026, 20.05.14] Disconnect: 408
[9/2/2026, 20.05.17] Disconnect: 408
[9/2/2026, 20.05.20] Disconnect: 408
[9/2/2026, 20.05.23] Disconnect: 408
[9/2/2026, 20.05.26] Disconnect: 408
[9/2/2026, 20.05.29] Disconnect: 408
[9/2/2026, 20.05.32] Disconnect: 408
[9/2/2026, 20.05.35] Disconnect: 408
[9/2/2026, 20.05.38] Disconnect: 408
[9/2/2026, 20.05.41] Disconnect: 408
[9/2/2026, 20.05.45] Disconnect: 408
[9/2/2026, 20.05.48] Disconnect: 408
[9/2/2026, 20.05.51] Disconnect: 408
[9/2/2026, 20.05.54] Disconnect: 408
[9/2/2026, 20.05.57] Disconnect: 408
[9/2/2026, 20.06.00] Disconnect: 408
[9/2/2026, 20.06.03] Disconnect: 408
[9/2/2026, 20.06.06] Disconnect: 408
[9/2/2026, 20.06.09] Disconnect: 408
[9/2/2026, 20.06.12] Disconnect: 408
[9/2/2026, 20.06.15] Disconnect: 408
[9/2/2026, 20.06.18] Disconnect: 408
[9/2/2026, 20.06.21] Disconnect: 408
[9/2/2026, 20.06.24] Disconnect: 408
[9/2/2026, 20.06.27] Disconnect: 408
[9/2/2026, 20.06.30] Disconnect: 408
[9/2/2026, 20.06.33] Disconnect: 408
[9/2/2026, 20.06.36] Disconnect: 408
[9/2/2026, 20.06.39] Disconnect: 408
[9/2/2026, 20.06.42] Disconnect: 408
[9/2/2026, 20.06.45] Disconnect: 408
[9/2/2026, 20.06.48] Disconnect: 408
[9/2/2026, 20.06.51] Disconnect: 408
[9/2/2026, 20.06.54] Disconnect: 408
[9/2/2026, 20.06.57] Disconnect: 408
[9/2/2026, 20.07.00] Disconnect: 408
[9/2/2026, 20.07.03] Disconnect: 408
[9/2/2026, 20.07.06] Disconnect: 408
[9/2/2026, 20.07.10] Disconnect: 408
[9/2/2026, 20.07.13] Disconnect: 408
[9/2/2026, 20.07.16] Disconnect: 408
[9/2/2026, 20.07.19] Disconnect: 408
[9/2/2026, 20.07.22] Disconnect: 408
[9/2/2026, 20.07.25] Disconnect: 408
[9/2/2026, 20.07.28] Disconnect: 408
[9/2/2026, 20.07.31] Disconnect: 408
[9/2/2026, 20.07.34] Disconnect: 408
[9/2/2026, 20.07.37] Disconnect: 408
[9/2/2026, 20.07.40] Disconnect: 408
[9/2/2026, 20.07.43] Disconnect: 408
[9/2/2026, 20.07.46] Disconnect: 408
[9/2/2026, 20.07.49] Disconnect: 408
[9/2/2026, 20.07.52] Disconnect: 408
[9/2/2026, 20.07.55] Disconnect: 408
[9/2/2026, 20.07.58] Disconnect: 408
[9/2/2026, 20.08.01] Disconnect: 408
[9/2/2026, 20.08.04] Disconnect: 408
[9/2/2026, 20.08.07] Disconnect: 408
[9/2/2026, 20.08.10] Disconnect: 408
[9/2/2026, 20.08.13] Disconnect: 408
[9/2/2026, 20.08.16] Disconnect: 408
[9/2/2026, 20.08.19] Disconnect: 408
[9/2/2026, 20.08.22] Disconnect: 408
[9/2/2026, 20.08.25] Disconnect: 408
[9/2/2026, 20.08.28] Disconnect: 408
[9/2/2026, 20.08.32] Disconnect: 408
[9/2/2026, 20.08.35] Disconnect: 408
[9/2/2026, 20.08.38] Disconnect: 408
[9/2/2026, 20.08.41] Disconnect: 408
[9/2/2026, 20.08.44] Disconnect: 408
[9/2/2026, 20.08.47] Disconnect: 408
[9/2/2026, 20.08.50] Disconnect: 408
[9/2/2026, 20.08.53] Disconnect: 408
[9/2/2026, 20.08.56] Disconnect: 408
[9/2/2026, 20.08.59] Disconnect: 408
[9/2/2026, 20.09.02] Disconnect: 408
[9/2/2026, 20.09.05] Disconnect: 408
[9/2/2026, 20.09.08] Disconnect: 408
[9/2/2026, 20.09.11] Disconnect: 408
[9/2/2026, 20.09.14] Disconnect: 408
[9/2/2026, 20.09.17] Disconnect: 408
[9/2/2026, 20.09.20] Disconnect: 408
[9/2/2026, 20.09.23] Disconnect: 408
[9/2/2026, 20.09.26] Disconnect: 408
[9/2/2026, 20.09.29] Disconnect: 408
[9/2/2026, 20.09.32] Disconnect: 408
[9/2/2026, 20.09.35] Disconnect: 408
[9/2/2026, 20.09.38] Disconnect: 408
[9/2/2026, 20.09.41] Disconnect: 408
[9/2/2026, 20.09.44] Disconnect: 408
[9/2/2026, 20.09.47] Disconnect: 408
[9/2/2026, 20.09.50] Disconnect: 408
[9/2/2026, 20.09.53] Disconnect: 408
[9/2/2026, 20.09.57] Disconnect: 408
[9/2/2026, 20.10.00] Disconnect: 408
[9/2/2026, 20.10.03] Disconnect: 408
[9/2/2026, 20.10.06] Disconnect: 408
[9/2/2026, 20.10.09] Disconnect: 408
[9/2/2026, 20.10.12] Disconnect: 408
[9/2/2026, 20.10.15] Disconnect: 408
[9/2/2026, 20.10.18] Disconnect: 408
[9/2/2026, 20.10.21] Disconnect: 408
[9/2/2026, 20.10.24] Disconnect: 408
[9/2/2026, 20.10.27] Disconnect: 408
[9/2/2026, 20.10.30] Disconnect: 408
[9/2/2026, 20.10.33] Disconnect: 408
[9/2/2026, 20.10.36] Disconnect: 408
[9/2/2026, 20.10.39] Disconnect: 408
[9/2/2026, 20.10.42] Disconnect: 408
[9/2/2026, 20.10.45] Disconnect: 408
[9/2/2026, 20.10.48] Disconnect: 408
[9/2/2026, 20.10.51] Disconnect: 408
[9/2/2026, 20.10.54] Disconnect: 408
[9/2/2026, 20.10.57] Disconnect: 408
[9/2/2026, 20.11.00] Disconnect: 408
[9/2/2026, 20.11.03] Disconnect: 408
[9/2/2026, 20.11.06] Disconnect: 408
[9/2/2026, 20.11.09] Disconnect: 408
[9/2/2026, 20.11.12] Disconnect: 408
[9/2/2026, 20.11.15] Disconnect: 408
[9/2/2026, 20.11.18] Disconnect: 408
[9/2/2026, 20.11.21] Disconnect: 408
[9/2/2026, 20.11.25] Disconnect: 408
[9/2/2026, 20.11.28] Disconnect: 408
[9/2/2026, 20.11.31] Disconnect: 408
[9/2/2026, 20.11.34] Disconnect: 408
[9/2/2026, 20.11.37] Disconnect: 408
[9/2/2026, 20.11.40] Disconnect: 408
[9/2/2026, 20.11.43] Disconnect: 408
[9/2/2026, 20.11.46] Disconnect: 408
[9/2/2026, 20.11.49] Disconnect: 408
[9/2/2026, 20.11.52] Disconnect: 408
[9/2/2026, 20.11.55] Disconnect: 408
[9/2/2026, 20.11.58] Disconnect: 408
[9/2/2026, 20.12.01] Disconnect: 408
[9/2/2026, 20.12.04] Disconnect: 408
[9/2/2026, 20.12.07] Disconnect: 408
[9/2/2026, 20.12.10] Disconnect: 408
[9/2/2026, 20.12.13] Disconnect: 408
[9/2/2026, 20.12.16] Disconnect: 408
[9/2/2026, 20.12.19] Disconnect: 408
[9/2/2026, 20.12.22] Disconnect: 408
[9/2/2026, 20.12.25] Disconnect: 408
[9/2/2026, 20.12.28] Disconnect: 408
[9/2/2026, 20.12.31] Disconnect: 408
[9/2/2026, 20.12.34] Disconnect: 408
[9/2/2026, 20.12.37] Disconnect: 408
[9/2/2026, 20.12.40] Disconnect: 408
[9/2/2026, 20.12.43] Disconnect: 408
[9/2/2026, 20.12.46] Disconnect: 408
[9/2/2026, 20.12.49] Disconnect: 408
[9/2/2026, 20.12.53] Disconnect: 408
[9/2/2026, 20.12.56] Disconnect: 408
[9/2/2026, 20.12.59] Disconnect: 408
[9/2/2026, 20.13.02] Disconnect: 408
[9/2/2026, 20.13.05] Disconnect: 408
[9/2/2026, 20.13.08] Disconnect: 408
[9/2/2026, 20.13.11] Disconnect: 408
[9/2/2026, 20.13.14] Disconnect: 408
[9/2/2026, 20.13.17] Disconnect: 408
[9/2/2026, 20.13.20] Disconnect: 408
[9/2/2026, 20.13.23] Disconnect: 408
[9/2/2026, 20.13.26] Disconnect: 408
[9/2/2026, 20.13.29] Disconnect: 408
[9/2/2026, 20.13.32] Disconnect: 408
[9/2/2026, 20.13.35] Disconnect: 408
[9/2/2026, 20.13.38] Disconnect: 408
[9/2/2026, 20.13.41] Disconnect: 408
[9/2/2026, 20.13.44] Disconnect: 408
[9/2/2026, 20.13.47] Disconnect: 408
[9/2/2026, 20.13.50] Disconnect: 408
[9/2/2026, 20.13.53] Disconnect: 408
[9/2/2026, 20.13.56] Disconnect: 408
[9/2/2026, 20.13.59] Disconnect: 408
[9/2/2026, 20.14.02] Disconnect: 408
[9/2/2026, 20.14.05] Disconnect: 408
[9/2/2026, 20.14.08] Disconnect: 408
[9/2/2026, 20.14.11] Disconnect: 408
[9/2/2026, 20.14.14] Disconnect: 408
[9/2/2026, 20.14.17] Disconnect: 408
[9/2/2026, 20.14.21] Disconnect: 408
[9/2/2026, 20.14.24] Disconnect: 408
[9/2/2026, 20.14.27] Disconnect: 408
[9/2/2026, 20.14.30] Disconnect: 408
[9/2/2026, 20.14.33] Disconnect: 408
[9/2/2026, 20.14.36] Disconnect: 408
[9/2/2026, 20.14.39] Disconnect: 408
[9/2/2026, 20.14.42] Disconnect: 408
[9/2/2026, 20.14.45] Disconnect: 408
[9/2/2026, 20.14.48] Disconnect: 408
[9/2/2026, 20.14.51] Disconnect: 408
[9/2/2026, 20.14.54] Disconnect: 408
[9/2/2026, 20.14.57] Disconnect: 408
[9/2/2026, 20.15.00] Disconnect: 408
[9/2/2026, 20.15.03] Disconnect: 408
[9/2/2026, 20.15.06] Disconnect: 408
[9/2/2026, 20.15.09] Disconnect: 408
[9/2/2026, 20.15.12] Disconnect: 408
[9/2/2026, 20.15.15] Disconnect: 408
[9/2/2026, 20.15.18] Disconnect: 408
[9/2/2026, 20.15.21] Disconnect: 408
[9/2/2026, 20.15.24] Disconnect: 408
[9/2/2026, 20.15.27] Disconnect: 408
[9/2/2026, 20.15.30] Disconnect: 408
[9/2/2026, 20.15.33] Disconnect: 408
[9/2/2026, 20.15.36] Disconnect: 408
[9/2/2026, 20.15.39] Disconnect: 408
[9/2/2026, 20.15.42] Disconnect: 408
[9/2/2026, 20.15.45] Disconnect: 408
[9/2/2026, 20.15.48] Disconnect: 408
[9/2/2026, 20.15.52] Disconnect: 408
[9/2/2026, 20.15.55] Disconnect: 408
[9/2/2026, 20.15.58] Disconnect: 408
[9/2/2026, 20.16.01] Disconnect: 408
[9/2/2026, 20.16.04] Disconnect: 408
[9/2/2026, 20.16.07] Disconnect: 408
[9/2/2026, 20.16.10] Disconnect: 408
[9/2/2026, 20.16.13] Disconnect: 408
[9/2/2026, 20.16.16] Disconnect: 408
[9/2/2026, 20.16.19] Disconnect: 408
[9/2/2026, 20.16.22] Disconnect: 408
[9/2/2026, 20.16.25] Disconnect: 408
[9/2/2026, 20.16.28] Disconnect: 408
[9/2/2026, 20.16.31] Disconnect: 408
[9/2/2026, 20.16.34] Disconnect: 408
[9/2/2026, 20.16.37] Disconnect: 408
[9/2/2026, 20.16.40] Disconnect: 408
[9/2/2026, 20.16.43] Disconnect: 408
[9/2/2026, 20.16.46] Disconnect: 408
[9/2/2026, 20.16.49] Disconnect: 408
[9/2/2026, 20.16.52] Disconnect: 408
[9/2/2026, 20.16.55] Disconnect: 408
[9/2/2026, 20.16.58] Disconnect: 408
[9/2/2026, 20.17.01] Disconnect: 408
[9/2/2026, 20.17.04] Disconnect: 408
[9/2/2026, 20.17.07] Disconnect: 408
[9/2/2026, 20.17.10] Disconnect: 408
[9/2/2026, 20.17.13] Disconnect: 408
[9/2/2026, 20.17.16] Disconnect: 408
[9/2/2026, 20.17.20] Disconnect: 408
[9/2/2026, 20.17.23] Disconnect: 408
[9/2/2026, 20.17.26] Disconnect: 408
[9/2/2026, 20.17.29] Disconnect: 408
[9/2/2026, 20.17.32] Disconnect: 408
[9/2/2026, 20.17.35] Disconnect: 408
[9/2/2026, 20.17.38] Disconnect: 408
[9/2/2026, 20.17.41] Disconnect: 408
[9/2/2026, 20.17.44] Disconnect: 408
[9/2/2026, 20.17.47] Disconnect: 408
[9/2/2026, 20.17.50] Disconnect: 408
[9/2/2026, 20.17.53] Disconnect: 408
[9/2/2026, 20.17.56] Disconnect: 408
[9/2/2026, 20.17.59] Disconnect: 408
[9/2/2026, 20.18.02] Disconnect: 408
[9/2/2026, 20.18.05] Disconnect: 408
[9/2/2026, 20.18.08] Disconnect: 408
[9/2/2026, 20.18.11] Disconnect: 408
[9/2/2026, 20.18.14] Disconnect: 408
[9/2/2026, 20.18.17] Disconnect: 408
[9/2/2026, 20.18.20] Disconnect: 408
[9/2/2026, 20.18.23] Disconnect: 408
[9/2/2026, 20.18.26] Disconnect: 408
[9/2/2026, 20.18.29] Disconnect: 408
[9/2/2026, 20.18.32] Disconnect: 408
[9/2/2026, 20.18.35] Disconnect: 408
[9/2/2026, 20.18.38] Disconnect: 408
[9/2/2026, 20.18.41] Disconnect: 408
[9/2/2026, 20.18.44] Disconnect: 408
[9/2/2026, 20.18.47] Disconnect: 408
[9/2/2026, 20.18.51] Disconnect: 408
[9/2/2026, 20.18.54] Disconnect: 408
[9/2/2026, 20.18.57] Disconnect: 408
[9/2/2026, 20.19.00] Disconnect: 408
[9/2/2026, 20.19.03] Disconnect: 408
[9/2/2026, 20.19.06] Disconnect: 408
[9/2/2026, 20.19.09] Disconnect: 408
[9/2/2026, 20.19.12] Disconnect: 408
[9/2/2026, 20.19.15] Disconnect: 408
[9/2/2026, 20.19.18] Disconnect: 408
[9/2/2026, 20.19.21] Disconnect: 408
[9/2/2026, 20.19.24] Disconnect: 408
[9/2/2026, 20.19.27] Disconnect: 408
[9/2/2026, 20.19.30] Disconnect: 408
[9/2/2026, 20.19.33] Disconnect: 408
[9/2/2026, 20.19.36] Disconnect: 408
[9/2/2026, 20.19.39] Disconnect: 408
[9/2/2026, 20.19.42] Disconnect: 408
[9/2/2026, 20.19.45] Disconnect: 408
[9/2/2026, 20.19.48] Disconnect: 408
[9/2/2026, 20.19.51] Disconnect: 408
[9/2/2026, 20.19.54] Disconnect: 408
[9/2/2026, 20.19.57] Disconnect: 408
[9/2/2026, 20.20.00] Disconnect: 408
[9/2/2026, 20.20.03] Disconnect: 408
[9/2/2026, 20.20.06] Disconnect: 408
[9/2/2026, 20.20.09] Disconnect: 408
[9/2/2026, 20.20.12] Disconnect: 408
[9/2/2026, 20.20.16] Disconnect: 408
[9/2/2026, 20.20.19] Disconnect: 408
[9/2/2026, 20.20.22] Disconnect: 408
[9/2/2026, 20.20.25] Disconnect: 408
[9/2/2026, 20.20.28] Disconnect: 408
[9/2/2026, 20.20.31] Disconnect: 408
[9/2/2026, 20.20.34] Disconnect: 408
[9/2/2026, 20.20.37] Disconnect: 408
[9/2/2026, 20.20.40] Disconnect: 408
[9/2/2026, 20.20.43] Disconnect: 408
[9/2/2026, 20.20.46] Disconnect: 408
[9/2/2026, 20.20.49] Disconnect: 408
[9/2/2026, 20.20.52] Disconnect: 408
[9/2/2026, 20.20.55] Disconnect: 408
[9/2/2026, 20.20.58] Disconnect: 408
[9/2/2026, 20.21.01] Disconnect: 408
[9/2/2026, 20.21.04] Disconnect: 408
[9/2/2026, 20.21.07] Disconnect: 408
[9/2/2026, 20.21.10] Disconnect: 408
[9/2/2026, 20.21.13] Disconnect: 408
[9/2/2026, 20.21.16] Disconnect: 408
[9/2/2026, 20.21.19] Disconnect: 408
[9/2/2026, 20.21.22] Disconnect: 408
[9/2/2026, 20.21.25] Disconnect: 408
[9/2/2026, 20.21.28] Disconnect: 408
[9/2/2026, 20.21.31] Disconnect: 408
[9/2/2026, 20.21.34] Disconnect: 408
[9/2/2026, 20.21.37] Disconnect: 408
[9/2/2026, 20.21.40] Disconnect: 408
[9/2/2026, 20.21.44] Disconnect: 408
[9/2/2026, 20.21.47] Disconnect: 408
[9/2/2026, 20.21.50] Disconnect: 408
[9/2/2026, 20.21.53] Disconnect: 408
[9/2/2026, 20.21.56] Disconnect: 408
[9/2/2026, 20.21.59] Disconnect: 408
[9/2/2026, 20.22.02] Disconnect: 408
[9/2/2026, 20.22.05] Disconnect: 408
[9/2/2026, 20.22.08] Disconnect: 408
[9/2/2026, 20.22.11] Disconnect: 408
[9/2/2026, 20.22.14] Disconnect: 408
[9/2/2026, 20.22.17] Disconnect: 408
[9/2/2026, 20.22.20] Disconnect: 408
[9/2/2026, 20.22.23] Disconnect: 408
[9/2/2026, 20.22.26] Disconnect: 408
[9/2/2026, 20.22.29] Disconnect: 408
[9/2/2026, 20.22.32] Disconnect: 408
[9/2/2026, 20.22.35] Disconnect: 408
[9/2/2026, 20.22.38] Disconnect: 408
[9/2/2026, 20.22.41] Disconnect: 408
[9/2/2026, 20.22.44] Disconnect: 408
[9/2/2026, 20.22.47] Disconnect: 408
[9/2/2026, 20.22.50] Disconnect: 408
[9/2/2026, 20.22.53] Disconnect: 408
[9/2/2026, 20.22.56] Disconnect: 408
[9/2/2026, 20.22.59] Disconnect: 408
[9/2/2026, 20.23.02] Disconnect: 408
[9/2/2026, 20.23.05] Disconnect: 408
[9/2/2026, 20.23.08] Disconnect: 408
[9/2/2026, 20.23.12] Disconnect: 408
[9/2/2026, 20.23.15] Disconnect: 408
[9/2/2026, 20.23.18] Disconnect: 408
[9/2/2026, 20.23.21] Disconnect: 408
[9/2/2026, 20.23.24] Disconnect: 408
[9/2/2026, 20.23.27] Disconnect: 408
[9/2/2026, 20.23.30] Disconnect: 408
[9/2/2026, 20.23.33] Disconnect: 408
[9/2/2026, 20.23.36] Disconnect: 408
[9/2/2026, 20.23.39] Disconnect: 408
[9/2/2026, 20.23.42] Disconnect: 408
[9/2/2026, 20.23.45] Disconnect: 408
[9/2/2026, 20.23.48] Disconnect: 408
[9/2/2026, 20.23.51] Disconnect: 408
[9/2/2026, 20.23.54] Disconnect: 408
[9/2/2026, 20.23.57] Disconnect: 408
[9/2/2026, 20.24.00] Disconnect: 408
[9/2/2026, 20.24.03] Disconnect: 408
[9/2/2026, 20.24.06] Disconnect: 408
[9/2/2026, 20.24.09] Disconnect: 408
[9/2/2026, 20.24.12] Disconnect: 408
[9/2/2026, 20.24.15] Disconnect: 408
[9/2/2026, 20.24.18] Disconnect: 408
[9/2/2026, 20.24.21] Disconnect: 408
[9/2/2026, 20.24.24] Disconnect: 408
[9/2/2026, 20.24.27] Disconnect: 408
[9/2/2026, 20.24.30] Disconnect: 408
[9/2/2026, 20.24.33] Disconnect: 408
[9/2/2026, 20.24.36] Disconnect: 408
[9/2/2026, 20.24.39] Disconnect: 408
[9/2/2026, 20.24.43] Disconnect: 408
[9/2/2026, 20.24.46] Disconnect: 408
[9/2/2026, 20.24.49] Disconnect: 408
[9/2/2026, 20.24.52] Disconnect: 408
[9/2/2026, 20.24.55] Disconnect: 408
[9/2/2026, 20.24.58] Disconnect: 408
[9/2/2026, 20.25.01] Disconnect: 408
[9/2/2026, 20.25.04] Disconnect: 408
[9/2/2026, 20.25.07] Disconnect: 408
[9/2/2026, 20.25.10] Disconnect: 408
[9/2/2026, 20.25.13] Disconnect: 408
[9/2/2026, 20.25.16] Disconnect: 408
[9/2/2026, 20.25.19] Disconnect: 408
[9/2/2026, 20.25.22] Disconnect: 408
[9/2/2026, 20.25.25] Disconnect: 408
[9/2/2026, 20.25.28] Disconnect: 408
[9/2/2026, 20.25.31] Disconnect: 408
[9/2/2026, 20.25.34] Disconnect: 408
[9/2/2026, 20.25.37] Disconnect: 408
[9/2/2026, 20.25.40] Disconnect: 408
[9/2/2026, 20.25.43] Disconnect: 408
[9/2/2026, 20.25.46] Disconnect: 408
[9/2/2026, 20.25.49] Disconnect: 408
[9/2/2026, 20.25.52] Disconnect: 408
[9/2/2026, 20.25.55] Disconnect: 408
[9/2/2026, 20.25.58] Disconnect: 408
[9/2/2026, 20.26.01] Disconnect: 408
[9/2/2026, 20.26.04] Disconnect: 408
[9/2/2026, 20.26.07] Disconnect: 408
[9/2/2026, 20.26.10] Disconnect: 408
[9/2/2026, 20.26.13] Disconnect: 408
[9/2/2026, 20.26.16] Disconnect: 408
[9/2/2026, 20.26.19] Disconnect: 408
[9/2/2026, 20.26.23] Disconnect: 408
[9/2/2026, 20.26.26] Disconnect: 408
[15/3/2026, 02.24.17] Disconnect: 515
